PRT1
396
1158
4 0 14 (2112 3360 1472 ) (2036 3360 1472 ) (2036 3360 1440 ) (2112 3360 1440 ) 
4 0 9 (2036 3360 1440 ) (2036 3360 1472 ) (2036 4096 1472 ) (2036 4096 1440 ) 
4 0 7 (2100 3360 1440 ) (2052 3360 1440 ) (2052 3433.625287 1440 ) (2100 3433.625287 1440 ) 
4 0 3 (2052 4053 1440 ) (2100 4053 1440 ) (2100 3433.625287 1440 ) (2052 3433.625287 1440 ) 
4 0 2 (2036 4053 1440 ) (2036 4096 1440 ) (2100 4096 1440 ) (2100 4053 1440 ) 
4 0 1 (2112 4096 1440 ) (2112 3360 1440 ) (2100 3360 1440 ) (2100 4096 1440 ) 
4 1 15 (2100 3360 704 ) (2112 3360 704 ) (2112 3360 1440 ) (2100 3360 1440 ) 
4 1 7 (2100 3360 1208 ) (2100 3360 1440 ) (2100 3433.625287 1440 ) (2100 3865 1208 ) 
3 1 3 (2100 4053 1106.890920 ) (2100 3433.625287 1440 ) (2100 4053 1440 ) 
4 1 2 (2100 4096 1440 ) (2100 4096 1083.764870 ) (2100 4053 1106.890920 ) (2100 4053 1440 ) 
4 2 10 (2036 4053 1440 ) (2036 4096 1440 ) (2036 4096 1083.764870 ) (2036 4053 1106.890920 ) 
4 2 3 (2052 4053 1106.890920 ) (2100 4053 1106.890920 ) (2100 4053 1440 ) (2052 4053 1440 ) 
4 3 7 (2100 3433.625235 1440 ) (2052 3433.625235 1440 ) (2052 3865 1208 ) (2100 3865 1208 ) 
4 4 11 (2036 4044 1440 ) (2036 4053 1440 ) (2036 4053 1106.890920 ) (2036 4044 1111.731256 ) 
4 4 6 (2046 4044 1111.731256 ) (2052 4044 1111.731256 ) (2052 4044 1152 ) (2046 4044 1152 ) 
4 4 5 (2036 4044 1440 ) (2036 4044 1152 ) (2052 4044 1152 ) (2052 4044 1440 ) 
5 5 12 (2036 3948 1440 ) (2036 4044 1440 ) (2036 4044 1152 ) (2036 3969.125302 1152 ) (2036 3948 1163.361506 ) 
3 5 13 (2036 3433.625287 1440 ) (2036 3948 1440 ) (2036 3948 1163.361506 ) 
4 5 8 (2052 3433.625235 1440 ) (2036 3433.625235 1440 ) (2036 3865 1208 ) (2052 3865 1208 ) 
4 5 6 (2052 4044 1152 ) (2052 3969.125302 1152 ) (2046 3969.125302 1152 ) (2046 4044 1152 ) 
4 7 16 (2052 3360 1208 ) (2100 3360 1208 ) (2100 3360 1440 ) (2052 3360 1440 ) 
4 8 17 (2036 3360 1440 ) (2036 3360 1208 ) (2052 3360 1208 ) (2052 3360 1440 ) 
4 8 13 (2036 3360 1208 ) (2036 3360 1440 ) (2036 3433.625287 1440 ) (2036 3865 1208 ) 
4 9 51 (1056 4096 1472 ) (1056 4096 1440 ) (1056 3360 1440 ) (1056 3360 1472 ) 
4 9 27 (1056 3360 1472 ) (1056 3360 1440 ) (1264 3360 1440 ) (1264 3360 1472 ) 
4 9 14 (1264 3360 1440 ) (2036 3360 1440 ) (2036 3360 1472 ) (1264 3360 1472 ) 
4 9 10 (1056 4096 1440 ) (2036 4096 1440 ) (2036 4053 1440 ) (1056 4053 1440 ) 
4 10 52 (1056 4096 1440 ) (1056 4096 704 ) (1056 4053 704 ) (1056 4053 1440 ) 
4 11 53 (1056 4053 704 ) (1056 4044 704 ) (1056 4044 1440 ) (1056 4053 1440 ) 
4 11 12 (1056 4044 1440 ) (1056 4044 1152 ) (2036 4044 1152 ) (2036 4044 1440 ) 
4 12 54 (1056 3948 1152 ) (1056 3948 1440 ) (1056 4044 1440 ) (1056 4044 1152 ) 
4 12 13 (2036 3948 1152 ) (2036 3948 1440 ) (1056 3948 1440 ) (1056 3948 1152 ) 
4 13 55 (1056 3948 704 ) (1056 3360 704 ) (1056 3360 1440 ) (1056 3948 1440 ) 
4 13 30 (1056 3360 832 ) (1056 3360 704 ) (1168 3360 704 ) (1168 3360 832 ) 
4 13 29 (1264 3360 784 ) (1264 3360 832 ) (1168 3360 832 ) (1168 3360 784 ) 
4 13 28 (1056 3360 1440 ) (1056 3360 832 ) (1264 3360 832 ) (1264 3360 1440 ) 
4 13 19 (1264 3360 704 ) (2036 3360 704 ) (2036 3360 768 ) (1264 3360 768 ) 
4 13 18 (2036 3360 768 ) (2036 3360 1440 ) (1264 3360 1440 ) (1264 3360 768 ) 
4 14 42 (1264 3040 1472 ) (1264 3040 1440 ) (2052 3040 1440 ) (2052 3040 1472 ) 
4 14 41 (2052 3040 1440 ) (2112 3040 1440 ) (2112 3040 1472 ) (2052 3040 1472 ) 
4 14 27 (1264 3360 1472 ) (1264 3360 1440 ) (1264 3040 1440 ) (1264 3040 1472 ) 
4 14 25 (2112 3040 1440 ) (2052 3040 1440 ) (2052 3232 1440 ) (2112 3232 1440 ) 
4 14 20 (2052 3270 1440 ) (2100 3270 1440 ) (2100 3232 1440 ) (2052 3232 1440 ) 
4 14 16 (2052 3360 1440 ) (2100 3360 1440 ) (2100 3270 1440 ) (2052 3270 1440 ) 
4 14 15 (2100 3360 1440 ) (2112 3360 1440 ) (2112 3232 1440 ) (2100 3232 1440 ) 
4 15 25 (2112 3232 704 ) (2112 3232 1440 ) (2100 3232 1440 ) (2100 3232 704 ) 
4 15 23 (2112 3264 704 ) (2112 3232 704 ) (2100 3232 704 ) (2100 3264 704 ) 
4 15 21 (2100 3232 704 ) (2100 3232 768 ) (2100 3270 768 ) (2100 3270 704 ) 
4 15 20 (2100 3232 768 ) (2100 3232 1440 ) (2100 3270 1440 ) (2100 3270 768 ) 
4 15 16 (2100 3270 1440 ) (2100 3360 1440 ) (2100 3360 1208 ) (2100 3270 1208 ) 
4 16 20 (2100 3270 1208 ) (2100 3270 1440 ) (2052 3270 1440 ) (2052 3270 1208 ) 
4 17 22 (2052 3270 1440 ) (2036 3270 1440 ) (2036 3270 1208 ) (2052 3270 1208 ) 
4 17 18 (2036 3270 1440 ) (2036 3360 1440 ) (2036 3360 1208 ) (2036 3270 1208 ) 
4 18 29 (1264 3360 832 ) (1264 3360 784 ) (1264 3270 784 ) (1264 3270 832 ) 
4 18 28 (1264 3360 1440 ) (1264 3360 832 ) (1264 3270 832 ) (1264 3270 1440 ) 
4 18 22 (1264 3270 1440 ) (1264 3270 768 ) (2036 3270 768 ) (2036 3270 1440 ) 
4 18 19 (2036 3360 768 ) (2036 3296 768 ) (1264 3296 768 ) (1264 3360 768 ) 
4 20 25 (2100 3232 1440 ) (2052 3232 1440 ) (2052 3232 768 ) (2100 3232 768 ) 
4 20 21 (2100 3270 768 ) (2100 3232 768 ) (2070 3232 768 ) (2070 3270 768 ) 
4 21 25 (2070 3232 704 ) (2100 3232 704 ) (2100 3232 768 ) (2070 3232 768 ) 
4 21 23 (2100 3264 704 ) (2100 3232 704 ) (2070 3232 704 ) (2070 3264 704 ) 
4 22 31 (1264 3232 768 ) (1264 3232 832 ) (1264 3264 832 ) (1264 3264 768 ) 
4 22 29 (1264 3264 832 ) (1264 3270 832 ) (1264 3270 784 ) (1264 3264 784 ) 
4 22 28 (1264 3232 832 ) (1264 3232 1440 ) (1264 3270 1440 ) (1264 3270 832 ) 
4 22 26 (2052 3232 1440 ) (1264 3232 1440 ) (1264 3232 768 ) (2052 3232 768 ) 
4 23 38 (2112 3264 640 ) (2112 3232 640 ) (2052 3232 640 ) (2052 3264 640 ) 
4 23 25 (2052 3232 640 ) (2112 3232 640 ) (2112 3232 704 ) (2052 3232 704 ) 
4 24 39 (2052 3232 640 ) (1264 3232 640 ) (1264 3264 640 ) (2052 3264 640 ) 
4 24 35 (1264 3264 640 ) (1264 3232 640 ) (1264 3232 704 ) (1264 3264 704 ) 
4 24 26 (1264 3232 640 ) (2052 3232 640 ) (2052 3232 704 ) (1264 3232 704 ) 
4 25 41 (2052 3040 640 ) (2112 3040 640 ) (2112 3040 1440 ) (2052 3040 1440 ) 
4 25 38 (2112 3232 640 ) (2112 3040 640 ) (2052 3040 640 ) (2052 3232 640 ) 
4 26 43 (1264 3040 1440 ) (1264 3040 640 ) (2052 3040 640 ) (2052 3040 1440 ) 
4 26 39 (2052 3040 640 ) (1264 3040 640 ) (1264 3232 640 ) (2052 3232 640 ) 
4 26 35 (1264 3232 640 ) (1264 3040 640 ) (1264 3040 704 ) (1264 3232 704 ) 
4 26 33 (1264 3040 704 ) (1264 3040 768 ) (1264 3232 768 ) (1264 3232 704 ) 
4 26 31 (1264 3040 768 ) (1264 3040 832 ) (1264 3232 832 ) (1264 3232 768 ) 
4 26 28 (1264 3040 832 ) (1264 3040 1440 ) (1264 3232 1440 ) (1264 3232 832 ) 
4 27 90 (1056 3040 1440 ) (1056 3040 1472 ) (1056 3232 1472 ) (1056 3232 1440 ) 
4 27 51 (1056 3232 1472 ) (1056 3360 1472 ) (1056 3360 1440 ) (1056 3232 1440 ) 
4 27 44 (1056 3040 1472 ) (1056 3040 1440 ) (1248 3040 1440 ) (1248 3040 1472 ) 
4 27 42 (1248 3040 1440 ) (1264 3040 1440 ) (1264 3040 1472 ) (1248 3040 1472 ) 
4 28 91 (1056 3040 832 ) (1056 3040 1440 ) (1056 3232 1440 ) (1056 3232 832 ) 
4 28 56 (1056 3232 1440 ) (1056 3360 1440 ) (1056 3360 832 ) (1056 3232 832 ) 
4 28 45 (1056 3040 1440 ) (1056 3040 832 ) (1248 3040 832 ) (1248 3040 1440 ) 
4 28 43 (1248 3040 832 ) (1264 3040 832 ) (1264 3040 1440 ) (1248 3040 1440 ) 
4 28 36 (1056 3168 832 ) (1056 3264 832 ) (1184 3264 832 ) (1184 3168 832 ) 
4 28 31 (1264 3264 832 ) (1264 3040 832 ) (1184 3040 832 ) (1184 3264 832 ) 
4 28 30 (1168 3264 832 ) (1056 3264 832 ) (1056 3360 832 ) (1168 3360 832 ) 
4 28 29 (1264 3360 832 ) (1264 3264 832 ) (1168 3264 832 ) (1168 3360 832 ) 
4 29 36 (1184 3264 832 ) (1168 3264 832 ) (1168 3264 784 ) (1184 3264 784 ) 
4 29 31 (1264 3264 784 ) (1264 3264 832 ) (1184 3264 832 ) (1184 3264 784 ) 
4 29 30 (1168 3360 832 ) (1168 3360 784 ) (1168 3264 784 ) (1168 3264 832 ) 
4 30 57 (1056 3360 784 ) (1056 3360 704 ) (1056 3264 704 ) (1056 3264 784 ) 
4 30 56 (1056 3264 832 ) (1056 3360 832 ) (1056 3360 784 ) (1056 3264 784 ) 
4 30 36 (1168 3264 704 ) (1168 3264 832 ) (1056 3264 832 ) (1056 3264 704 ) 
4 31 45 (1248 3040 832 ) (1184 3040 832 ) (1184 3040 768 ) (1248 3040 768 ) 
4 31 43 (1264 3040 768 ) (1264 3040 832 ) (1248 3040 832 ) (1248 3040 768 ) 
4 31 36 (1184 3264 832 ) (1184 3264 768 ) (1184 3168 768 ) (1184 3168 832 ) 
4 31 34 (1184 3040 768 ) (1184 3264 768 ) (1216 3264 768 ) (1216 3040 768 ) 
4 31 32 (1216 3264 768 ) (1248 3264 768 ) (1248 3232 768 ) (1216 3232 768 ) 
4 31 33 (1264 3232 768 ) (1264 3040 768 ) (1216 3040 768 ) (1216 3232 768 ) 
4 32 34 (1216 3264 768 ) (1216 3264 736 ) (1216 3232 736 ) (1216 3232 768 ) 
4 32 33 (1216 3232 704 ) (1248 3232 704 ) (1248 3232 768 ) (1216 3232 768 ) 
4 33 46 (1216 3040 736 ) (1216 3040 704 ) (1248 3040 704 ) (1248 3040 736 ) 
4 33 45 (1248 3040 768 ) (1216 3040 768 ) (1216 3040 736 ) (1248 3040 736 ) 
4 33 43 (1264 3040 704 ) (1264 3040 768 ) (1248 3040 768 ) (1248 3040 704 ) 
4 33 35 (1264 3232 704 ) (1264 3040 704 ) (1248 3040 704 ) (1248 3232 704 ) 
4 33 34 (1216 3040 736 ) (1216 3040 768 ) (1216 3232 768 ) (1216 3232 736 ) 
4 34 45 (1216 3040 768 ) (1184 3040 768 ) (1184 3040 736 ) (1216 3040 736 ) 
4 34 36 (1184 3264 768 ) (1184 3264 736 ) (1184 3168 736 ) (1184 3168 768 ) 
4 35 43 (1248 3040 640 ) (1264 3040 640 ) (1264 3040 704 ) (1248 3040 704 ) 
4 35 39 (1248 3264 640 ) (1264 3264 640 ) (1264 3040 640 ) (1248 3040 640 ) 
4 36 92 (1056 3232 736 ) (1056 3232 704 ) (1056 3168 704 ) (1056 3168 736 ) 
4 36 91 (1056 3168 832 ) (1056 3232 832 ) (1056 3232 736 ) (1056 3168 736 ) 
4 36 57 (1056 3264 784 ) (1056 3264 704 ) (1056 3232 704 ) (1056 3232 784 ) 
4 36 56 (1056 3232 832 ) (1056 3264 832 ) (1056 3264 784 ) (1056 3232 784 ) 
4 37 87 (1056 3264 -256 ) (1056 3264 -224 ) (1056 4096 -224 ) (1056 4096 -256 ) 
4 37 40 (2052 3264 -224 ) (1056 3264 -224 ) (1056 3264 -256 ) (2052 3264 -256 ) 
4 37 38 (2112 3264 -256 ) (2112 3264 -224 ) (2052 3264 -224 ) (2052 3264 -256 ) 
4 38 48 (2112 3040 640 ) (2052 3040 640 ) (2052 3040 -256 ) (2112 3040 -256 ) 
4 38 40 (2052 3264 -224 ) (2052 3264 -256 ) (2052 3040 -256 ) (2052 3040 -224 ) 
4 39 98 (1056 3040 -224 ) (1056 3040 640 ) (1056 3232 640 ) (1056 3232 -224 ) 
4 39 86 (1056 3232 640 ) (1056 3264 640 ) (1056 3264 -224 ) (1056 3232 -224 ) 
4 39 49 (2052 3040 -224 ) (2052 3040 640 ) (1056 3040 640 ) (1056 3040 -224 ) 
4 40 99 (1056 3040 -256 ) (1056 3040 -224 ) (1056 3232 -224 ) (1056 3232 -256 ) 
4 40 87 (1056 3232 -224 ) (1056 3264 -224 ) (1056 3264 -256 ) (1056 3232 -256 ) 
4 40 50 (2052 3040 -256 ) (2052 3040 -224 ) (1056 3040 -224 ) (1056 3040 -256 ) 
4 41 102 (2052 1680 1440 ) (2052 1680 640 ) (2112 1680 640 ) (2112 1680 1440 ) 
4 41 101 (2112 1680 1472 ) (2052 1680 1472 ) (2052 1680 1440 ) (2112 1680 1440 ) 
4 41 48 (2052 3040 640 ) (2112 3040 640 ) (2112 1680 640 ) (2052 1680 640 ) 
4 41 42 (2052 3040 1472 ) (2052 3040 1440 ) (2052 1680 1440 ) (2052 1680 1472 ) 
4 42 109 (1248 1680 1472 ) (1248 1680 1440 ) (1376 1680 1440 ) (1376 1680 1472 ) 
4 42 101 (1376 1680 1440 ) (2052 1680 1440 ) (2052 1680 1472 ) (1376 1680 1472 ) 
4 42 44 (1248 1680 1440 ) (1248 1680 1472 ) (1248 3040 1472 ) (1248 3040 1440 ) 
4 43 112 (1248 1680 704 ) (1248 1680 640 ) (1376 1680 640 ) (1376 1680 704 ) 
4 43 111 (1248 1680 832 ) (1248 1680 704 ) (1376 1680 704 ) (1376 1680 832 ) 
4 43 110 (1248 1680 1440 ) (1248 1680 832 ) (1376 1680 832 ) (1376 1680 1440 ) 
4 43 103 (1376 1680 640 ) (2052 1680 640 ) (2052 1680 1440 ) (1376 1680 1440 ) 
4 43 49 (1248 3040 640 ) (2052 3040 640 ) (2052 1680 640 ) (1248 1680 640 ) 
4 43 46 (1248 1680 704 ) (1248 1680 736 ) (1248 3040 736 ) (1248 3040 704 ) 
4 43 45 (1248 1680 736 ) (1248 1680 1440 ) (1248 3040 1440 ) (1248 3040 736 ) 
4 44 109 (1056 1680 1472 ) (1056 1680 1440 ) (1248 1680 1440 ) (1248 1680 1472 ) 
4 44 90 (1056 1680 1440 ) (1056 1680 1472 ) (1056 3040 1472 ) (1056 3040 1440 ) 
4 45 113 (1184 1680 736 ) (1216 1680 736 ) (1216 1680 832 ) (1184 1680 832 ) 
4 45 111 (1216 1680 736 ) (1248 1680 736 ) (1248 1680 832 ) (1216 1680 832 ) 
4 45 110 (1056 1680 1440 ) (1056 1680 832 ) (1248 1680 832 ) (1248 1680 1440 ) 
4 45 91 (1056 1680 736 ) (1056 1680 1440 ) (1056 3040 1440 ) (1056 3040 736 ) 
4 45 47 (1184 1680 736 ) (1056 1680 736 ) (1056 3040 736 ) (1184 3040 736 ) 
4 45 46 (1248 3040 736 ) (1248 1680 736 ) (1216 1680 736 ) (1216 3040 736 ) 
4 46 111 (1248 1680 704 ) (1248 1680 736 ) (1216 1680 736 ) (1216 1680 704 ) 
4 47 92 (1056 1680 704 ) (1056 1680 736 ) (1056 3040 736 ) (1056 3040 704 ) 
4 48 132 (2112 1680 640 ) (2052 1680 640 ) (2052 1680 -256 ) (2112 1680 -256 ) 
4 48 50 (2052 1680 -256 ) (2052 1680 -224 ) (2052 3040 -224 ) (2052 3040 -256 ) 
4 49 135 (1216 1680 640 ) (1056 1680 640 ) (1056 1680 -224 ) (1216 1680 -224 ) 
4 49 133 (2052 1680 -224 ) (2052 1680 640 ) (1216 1680 640 ) (1216 1680 -224 ) 
4 49 98 (1056 1680 -224 ) (1056 1680 640 ) (1056 3040 640 ) (1056 3040 -224 ) 
4 50 136 (1216 1680 -224 ) (1056 1680 -224 ) (1056 1680 -256 ) (1216 1680 -256 ) 
4 50 134 (2052 1680 -256 ) (2052 1680 -224 ) (1216 1680 -224 ) (1216 1680 -256 ) 
4 50 99 (1056 1680 -256 ) (1056 1680 -224 ) (1056 3040 -224 ) (1056 3040 -256 ) 
4 51 95 (352 3232 1472 ) (336 3232 1472 ) (336 3232 1440 ) (352 3232 1440 ) 
4 51 90 (1056 3232 1440 ) (1056 3232 1472 ) (352 3232 1472 ) (352 3232 1440 ) 
4 51 67 (336 3232 1440 ) (336 3232 1472 ) (336 4053 1472 ) (336 4053 1440 ) 
4 51 63 (336 4053 1472 ) (336 4096 1472 ) (336 4096 1440 ) (336 4053 1440 ) 
4 51 52 (336 4096 1440 ) (1056 4096 1440 ) (1056 4053 1440 ) (336 4053 1440 ) 
4 52 64 (336 4096 1072.781177 ) (336 4096 704 ) (336 4053 704 ) (336 4053 1096.851149 ) 
4 52 63 (336 4053 1440 ) (336 4096 1440 ) (336 4096 1072.781177 ) (336 4053 1096.851149 ) 
4 53 74 (336 4053 1096.851149 ) (336 4053 704 ) (336 4044 704 ) (336 4044 1101.889050 ) 
4 53 68 (336 4044 1440 ) (336 4053 1440 ) (336 4053 1096.851149 ) (336 4044 1101.889050 ) 
4 53 54 (336 4044 1440 ) (336 4044 1152 ) (1056 4044 1152 ) (1056 4044 1440 ) 
3 54 73 (336 3954.478880 1152 ) (336 3948 1152 ) (336 3948 1155.626662 ) 
5 54 69 (336 3948 1440 ) (336 4044 1440 ) (336 4044 1152 ) (336 3954.478880 1152 ) (336 3948 1155.626662 ) 
4 54 55 (1056 3948 1152 ) (1056 3948 1440 ) (336 3948 1440 ) (336 3948 1152 ) 
5 55 75 (336 3833 1220 ) (336 3948 1155.626662 ) (336 3948 704 ) (336 3360 704 ) (336 3360 1220 ) 
4 55 72 (336 3360 1440 ) (336 3439.978904 1440 ) (336 3833 1220 ) (336 3360 1220 ) 
3 55 69 (336 3439.978904 1440 ) (336 3948 1440 ) (336 3948 1155.626662 ) 
4 55 57 (432 3360 704 ) (1056 3360 704 ) (1056 3360 784 ) (432 3360 784 ) 
4 55 56 (336 3360 1440 ) (336 3360 784 ) (1056 3360 784 ) (1056 3360 1440 ) 
4 56 96 (352 3232 1440 ) (336 3232 1440 ) (336 3232 784 ) (352 3232 784 ) 
4 56 91 (1056 3232 784 ) (1056 3232 1440 ) (352 3232 1440 ) (352 3232 784 ) 
4 56 79 (336 3232 784 ) (336 3232 1220 ) (336 3314 1220 ) (336 3314 784 ) 
4 56 75 (336 3314 1220 ) (336 3360 1220 ) (336 3360 784 ) (336 3314 784 ) 
4 56 72 (336 3232 1220 ) (336 3232 1440 ) (336 3360 1440 ) (336 3360 1220 ) 
4 56 60 (384 3232 784 ) (336 3232 784 ) (336 3264 784 ) (384 3264 784 ) 
4 56 58 (432 3232 784 ) (384 3232 784 ) (384 3264 784 ) (432 3264 784 ) 
4 56 57 (1056 3360 784 ) (1056 3232 784 ) (432 3232 784 ) (432 3360 784 ) 
4 57 92 (1056 3232 704 ) (1056 3232 736 ) (432 3232 736 ) (432 3232 704 ) 
4 57 91 (1056 3232 736 ) (1056 3232 784 ) (432 3232 784 ) (432 3232 736 ) 
4 57 59 (432 3264 704 ) (432 3232 704 ) (432 3232 736 ) (432 3264 736 ) 
4 57 58 (432 3232 736 ) (432 3232 784 ) (432 3264 784 ) (432 3264 736 ) 
4 58 91 (432 3232 784 ) (384 3232 784 ) (384 3232 736 ) (432 3232 736 ) 
4 58 60 (384 3232 768 ) (384 3232 784 ) (384 3264 784 ) (384 3264 768 ) 
4 58 59 (432 3232 736 ) (416 3232 736 ) (416 3264 736 ) (432 3264 736 ) 
4 59 92 (416 3232 704 ) (432 3232 704 ) (432 3232 736 ) (416 3232 736 ) 
4 60 96 (352 3232 784 ) (336 3232 784 ) (336 3232 768 ) (352 3232 768 ) 
4 60 91 (384 3232 784 ) (352 3232 784 ) (352 3232 768 ) (384 3232 768 ) 
4 60 79 (336 3232 768 ) (336 3232 784 ) (336 3264 784 ) (336 3264 768 ) 
4 61 94 (352 3232 640 ) (416 3232 640 ) (416 3232 672 ) (352 3232 672 ) 
4 61 86 (416 3232 640 ) (352 3232 640 ) (352 3264 640 ) (416 3264 640 ) 
4 61 62 (352 3264 672 ) (352 3264 640 ) (352 3232 640 ) (352 3232 672 ) 
4 62 96 (336 3232 640 ) (352 3232 640 ) (352 3232 704 ) (336 3232 704 ) 
4 62 86 (352 3232 640 ) (336 3232 640 ) (336 3264 640 ) (352 3264 640 ) 
4 62 83 (336 3264 640 ) (336 3232 640 ) (336 3232 704 ) (336 3264 704 ) 
4 63 67 (336 4053 1440 ) (336 4053 1472 ) (-452 4053 1472 ) (-452 4053 1440 ) 
4 63 66 (-452 4096 1072.781177 ) (-452 4053 1096.851149 ) (-452 4053 1472 ) (-452 4096 1472 ) 
4 63 64 (336 4096 1072.781116 ) (336 4053 1096.851088 ) (-388 4053 1096.851088 ) (-388 4096 1072.781116 ) 
4 64 65 (-388 4053 704 ) (-388 4053 708 ) (-388 4096 708 ) (-388 4096 704 ) 
4 65 66 (-452 4096 704 ) (-452 4053 704 ) (-452 4053 708 ) (-452 4096 708 ) 
4 66 84 (-512 4053 1096.851149 ) (-512 4053 704 ) (-452 4053 704 ) (-452 4053 1096.851149 ) 
4 66 71 (-512 4053 1440 ) (-512 4053 1096.851149 ) (-452 4053 1096.851149 ) (-452 4053 1440 ) 
4 66 67 (-512 4053 1472 ) (-512 4053 1440 ) (-452 4053 1440 ) (-452 4053 1472 ) 
4 67 97 (-452 3232 1472 ) (-512 3232 1472 ) (-512 3232 1440 ) (-452 3232 1440 ) 
4 67 95 (336 3232 1440 ) (336 3232 1472 ) (-452 3232 1472 ) (-452 3232 1440 ) 
4 67 84 (-452 3232 1440 ) (-512 3232 1440 ) (-512 3439.978904 1440 ) (-452 3439.978904 1440 ) 
4 67 71 (-512 4053 1440 ) (-452 4053 1440 ) (-452 3439.978904 1440 ) (-512 3439.978904 1440 ) 
4 68 74 (-388 4053 1096.851088 ) (336 4053 1096.851088 ) (336 4044 1101.888989 ) (-388 4044 1101.888989 ) 
4 68 70 (-400 4044 1440 ) (-400 4053 1440 ) (-400 4053 1096.851149 ) (-400 4044 1101.889050 ) 
4 68 69 (336 4044 1152 ) (336 4044 1440 ) (-400 4044 1440 ) (-400 4044 1152 ) 
4 69 73 (336 3954.478772 1152 ) (336 3948 1155.626601 ) (-388 3948 1155.626601 ) (-388 3954.478772 1152 ) 
4 69 75 (336 3948 1155.626601 ) (336 3833 1220 ) (-388 3833 1220 ) (-388 3948 1155.626601 ) 
4 69 72 (336 3833 1220 ) (336 3439.978796 1440 ) (-400 3439.978796 1440 ) (-400 3833 1220 ) 
4 69 70 (-400 3439.978904 1440 ) (-400 4044 1440 ) (-400 4044 1152 ) (-400 3954.478880 1152 ) 
4 70 72 (-400 3833 1220 ) (-400 3439.978796 1440 ) (-452 3439.978796 1440 ) (-452 3833 1220 ) 
4 71 84 (-512 3439.978796 1440 ) (-512 4053 1096.851088 ) (-452 4053 1096.851088 ) (-452 3439.978796 1440 ) 
4 72 96 (336 3232 1220 ) (336 3232 1440 ) (-452 3232 1440 ) (-452 3232 1220 ) 
4 72 81 (-446 3232 1220 ) (-452 3232 1220 ) (-452 3262 1220 ) (-446 3262 1220 ) 
4 72 80 (-388 3232 1220 ) (-446 3232 1220 ) (-446 3262 1220 ) (-388 3262 1220 ) 
4 72 79 (336 3314 1220 ) (336 3232 1220 ) (-388 3232 1220 ) (-388 3314 1220 ) 
4 72 75 (336 3833 1220 ) (336 3314 1220 ) (-388 3314 1220 ) (-388 3833 1220 ) 
4 73 75 (336 3948 1152 ) (336 3948 1155.626662 ) (-388 3948 1155.626662 ) (-388 3948 1152 ) 
4 74 76 (-388 4053 708 ) (-388 4053 704 ) (-388 4044 704 ) (-388 4044 708 ) 
4 75 79 (336 3314 768 ) (336 3314 1220 ) (-388 3314 1220 ) (-388 3314 768 ) 
4 75 78 (-388 3314 704 ) (-388 3314 708 ) (-388 3948 708 ) (-388 3948 704 ) 
4 76 77 (-452 4044 704 ) (-400 4044 704 ) (-400 4044 708 ) (-452 4044 708 ) 
4 77 78 (-452 3948 708 ) (-452 3948 704 ) (-400 3948 704 ) (-400 3948 708 ) 
4 78 82 (-452 3314 708 ) (-452 3314 704 ) (-446 3314 704 ) (-446 3314 708 ) 
4 79 96 (336 3232 768 ) (336 3232 1220 ) (-388 3232 1220 ) (-388 3232 768 ) 
4 79 80 (-388 3232 768 ) (-388 3232 1220 ) (-388 3262 1220 ) (-388 3262 768 ) 
4 80 96 (-388 3232 1220 ) (-446 3232 1220 ) (-446 3232 768 ) (-388 3232 768 ) 
4 80 81 (-446 3232 768 ) (-446 3232 1220 ) (-446 3262 1220 ) (-446 3262 768 ) 
4 81 96 (-446 3232 1220 ) (-452 3232 1220 ) (-452 3232 708 ) (-446 3232 708 ) 
4 81 82 (-446 3262 708 ) (-446 3232 708 ) (-452 3232 708 ) (-452 3262 708 ) 
4 82 96 (-452 3232 708 ) (-452 3232 704 ) (-446 3232 704 ) (-446 3232 708 ) 
4 82 83 (-446 3232 704 ) (-452 3232 704 ) (-452 3264 704 ) (-446 3264 704 ) 
4 83 96 (-452 3232 640 ) (336 3232 640 ) (336 3232 704 ) (-452 3232 704 ) 
4 83 86 (336 3264 640 ) (336 3232 640 ) (-452 3232 640 ) (-452 3264 640 ) 
4 84 97 (-452 3232 704 ) (-452 3232 1440 ) (-512 3232 1440 ) (-512 3232 704 ) 
4 84 85 (-452 3264 704 ) (-452 3232 704 ) (-512 3232 704 ) (-512 3264 704 ) 
4 85 97 (-512 3232 640 ) (-452 3232 640 ) (-452 3232 704 ) (-512 3232 704 ) 
4 85 88 (-452 3232 640 ) (-512 3232 640 ) (-512 3264 640 ) (-452 3264 640 ) 
4 86 98 (1056 3232 -224 ) (1056 3232 640 ) (-452 3232 640 ) (-452 3232 -224 ) 
4 87 99 (1056 3232 -256 ) (1056 3232 -224 ) (-452 3232 -224 ) (-452 3232 -256 ) 
4 87 89 (-452 3232 -256 ) (-452 3232 -224 ) (-452 4096 -224 ) (-452 4096 -256 ) 
4 88 100 (-512 3232 -224 ) (-452 3232 -224 ) (-452 3232 640 ) (-512 3232 640 ) 
4 88 89 (-452 3264 -224 ) (-452 3232 -224 ) (-512 3232 -224 ) (-512 3264 -224 ) 
4 89 100 (-452 3232 -256 ) (-452 3232 -224 ) (-512 3232 -224 ) (-512 3232 -256 ) 
4 90 139 (640 1680 1472 ) (352 1680 1472 ) (352 1680 1440 ) (640 1680 1440 ) 
4 90 109 (1056 1680 1440 ) (1056 1680 1472 ) (640 1680 1472 ) (640 1680 1440 ) 
4 90 95 (352 1680 1440 ) (352 1680 1472 ) (352 3232 1472 ) (352 3232 1440 ) 
4 91 145 (352 1680 832 ) (352 1680 736 ) (416 1680 736 ) (416 1680 832 ) 
4 91 141 (416 1680 736 ) (640 1680 736 ) (640 1680 832 ) (416 1680 832 ) 
4 91 140 (640 1680 1440 ) (352 1680 1440 ) (352 1680 832 ) (640 1680 832 ) 
4 91 114 (1056 1680 736 ) (1056 1680 832 ) (640 1680 832 ) (640 1680 736 ) 
4 91 110 (1056 1680 832 ) (1056 1680 1440 ) (640 1680 1440 ) (640 1680 832 ) 
4 91 96 (352 1680 736 ) (352 1680 1440 ) (352 3232 1440 ) (352 3232 736 ) 
4 91 93 (384 1680 736 ) (352 1680 736 ) (352 3232 736 ) (384 3232 736 ) 
4 91 92 (1056 1680 736 ) (416 1680 736 ) (416 3232 736 ) (1056 3232 736 ) 
4 92 141 (640 1680 736 ) (416 1680 736 ) (416 1680 704 ) (640 1680 704 ) 
4 92 114 (1056 1680 704 ) (1056 1680 736 ) (640 1680 736 ) (640 1680 704 ) 
4 93 146 (384 1680 736 ) (352 1680 736 ) (352 1680 704 ) (384 1680 704 ) 
4 93 96 (352 1680 704 ) (352 1680 736 ) (352 3232 736 ) (352 3232 704 ) 
4 94 147 (352 1680 640 ) (416 1680 640 ) (416 1680 672 ) (352 1680 672 ) 
4 94 98 (416 1680 640 ) (352 1680 640 ) (352 3232 640 ) (416 3232 640 ) 
4 94 96 (352 1680 640 ) (352 1680 672 ) (352 3232 672 ) (352 3232 640 ) 
4 95 148 (352 1680 1440 ) (352 1680 1472 ) (-452 1680 1472 ) (-452 1680 1440 ) 
4 95 97 (-452 3232 1472 ) (-452 3232 1440 ) (-452 1680 1440 ) (-452 1680 1472 ) 
4 96 149 (-452 1680 640 ) (352 1680 640 ) (352 1680 1440 ) (-452 1680 1440 ) 
4 96 98 (352 1680 640 ) (-452 1680 640 ) (-452 3232 640 ) (352 3232 640 ) 
4 97 150 (-512 1680 640 ) (-452 1680 640 ) (-452 1680 1440 ) (-512 1680 1440 ) 
4 97 148 (-452 1680 1440 ) (-452 1680 1472 ) (-512 1680 1472 ) (-512 1680 1440 ) 
4 97 100 (-452 1680 640 ) (-512 1680 640 ) (-512 3232 640 ) (-452 3232 640 ) 
4 98 167 (640 1680 640 ) (-452 1680 640 ) (-452 1680 -224 ) (640 1680 -224 ) 
4 98 135 (1056 1680 -224 ) (1056 1680 640 ) (640 1680 640 ) (640 1680 -224 ) 
4 99 168 (640 1680 -224 ) (-452 1680 -224 ) (-452 1680 -256 ) (640 1680 -256 ) 
4 99 136 (1056 1680 -256 ) (1056 1680 -224 ) (640 1680 -224 ) (640 1680 -256 ) 
4 99 100 (-452 1680 -256 ) (-452 1680 -224 ) (-452 3232 -224 ) (-452 3232 -256 ) 
4 100 169 (-512 1680 -256 ) (-452 1680 -256 ) (-452 1680 640 ) (-512 1680 640 ) 
4 101 115 (1376 1552 1440 ) (1376 296 1440 ) (1376 296 1472 ) (1376 1552 1472 ) 
4 101 109 (1376 1680 1472 ) (1376 1680 1440 ) (1376 1552 1440 ) (1376 1552 1472 ) 
4 101 105 (1376 296 1472 ) (1376 296 1440 ) (2052 296 1440 ) (2052 296 1472 ) 
4 101 104 (2052 296 1440 ) (2112 296 1440 ) (2112 296 1472 ) (2052 296 1472 ) 
4 101 102 (2052 1680 1440 ) (2112 1680 1440 ) (2112 296 1440 ) (2052 296 1440 ) 
4 102 132 (2112 296 640 ) (2052 296 640 ) (2052 1680 640 ) (2112 1680 640 ) 
4 102 104 (2052 296 640 ) (2112 296 640 ) (2112 296 1440 ) (2052 296 1440 ) 
4 103 133 (2052 296 640 ) (1376 296 640 ) (1376 1680 640 ) (2052 1680 640 ) 
4 103 118 (1376 1552 640 ) (1376 296 640 ) (1376 296 736 ) (1376 1552 736 ) 
4 103 117 (1376 296 736 ) (1376 296 864 ) (1376 1552 864 ) (1376 1552 736 ) 
4 103 116 (1376 296 864 ) (1376 296 1440 ) (1376 1552 1440 ) (1376 1552 864 ) 
4 103 112 (1376 1680 704 ) (1376 1680 640 ) (1376 1552 640 ) (1376 1552 704 ) 
4 103 111 (1376 1680 832 ) (1376 1680 704 ) (1376 1552 704 ) (1376 1552 832 ) 
4 103 110 (1376 1680 1440 ) (1376 1680 832 ) (1376 1552 832 ) (1376 1552 1440 ) 
4 103 108 (1376 296 640 ) (1414 296 640 ) (1414 296 706 ) (1376 296 706 ) 
4 103 107 (1414 296 640 ) (2052 296 640 ) (2052 296 736 ) (1414 296 736 ) 
4 103 106 (2052 296 736 ) (2052 296 1440 ) (1376 296 1440 ) (1376 296 736 ) 
4 104 175 (2112 184 1472 ) (2052 184 1472 ) (2052 184 640 ) (2112 184 640 ) 
4 104 132 (2112 184 640 ) (2052 184 640 ) (2052 296 640 ) (2112 296 640 ) 
4 104 105 (2052 296 1472 ) (2052 296 1440 ) (2052 184 1440 ) (2052 184 1472 ) 
4 105 178 (1414 184 1472 ) (1376 184 1472 ) (1376 184 1440 ) (1414 184 1440 ) 
4 105 176 (2052 184 1472 ) (1414 184 1472 ) (1414 184 1440 ) (2052 184 1440 ) 
4 105 124 (1376 184 1440 ) (1376 184 1472 ) (1376 296 1472 ) (1376 296 1440 ) 
4 106 182 (1376 184 1096 ) (1376 184 736 ) (1414 184 736 ) (1414 184 1096 ) 
4 106 180 (1376 184 1184 ) (1376 184 1096 ) (1414 184 1096 ) (1414 184 1184 ) 
4 106 179 (1376 184 1440 ) (1376 184 1184 ) (1414 184 1184 ) (1414 184 1440 ) 
4 106 177 (1414 184 736 ) (2052 184 736 ) (2052 184 1440 ) (1414 184 1440 ) 
4 106 125 (1376 184 736 ) (1376 184 1440 ) (1376 296 1440 ) (1376 296 736 ) 
4 106 107 (2052 296 736 ) (2052 184 736 ) (1414 184 736 ) (1414 296 736 ) 
4 107 177 (1414 184 640 ) (2052 184 640 ) (2052 184 736 ) (1414 184 736 ) 
4 107 133 (2052 184 640 ) (1414 184 640 ) (1414 296 640 ) (2052 296 640 ) 
4 107 108 (1414 296 640 ) (1414 184 640 ) (1414 184 706 ) (1414 296 706 ) 
4 108 190 (1376 184 704 ) (1376 184 640 ) (1386 184 640 ) (1386 184 704 ) 
4 108 189 (1386 184 640 ) (1414 184 640 ) (1414 184 704 ) (1386 184 704 ) 
4 108 183 (1376 184 706 ) (1376 184 704 ) (1414 184 704 ) (1414 184 706 ) 
4 108 133 (1414 184 640 ) (1376 184 640 ) (1376 296 640 ) (1414 296 640 ) 
4 108 130 (1376 296 640 ) (1376 184 640 ) (1376 184 672 ) (1376 296 672 ) 
4 108 129 (1376 184 672 ) (1376 184 704 ) (1376 248 704 ) (1376 248 672 ) 
4 108 127 (1376 184 704 ) (1376 184 706 ) (1376 248 706 ) (1376 248 704 ) 
4 108 126 (1376 296 694 ) (1376 296 672 ) (1376 248 672 ) (1376 248 694 ) 
4 109 139 (640 1680 1472 ) (640 1680 1440 ) (640 1552 1440 ) (640 1552 1472 ) 
4 109 115 (1376 1552 1440 ) (1376 1552 1472 ) (640 1552 1472 ) (640 1552 1440 ) 
4 110 140 (640 1680 1440 ) (640 1680 832 ) (640 1552 832 ) (640 1552 1440 ) 
4 110 122 (1184 1552 864 ) (640 1552 864 ) (640 1552 832 ) (1184 1552 832 ) 
4 110 117 (1376 1552 832 ) (1376 1552 864 ) (1184 1552 864 ) (1184 1552 832 ) 
4 110 116 (1376 1552 864 ) (1376 1552 1440 ) (640 1552 1440 ) (640 1552 864 ) 
4 110 114 (640 1552 832 ) (640 1680 832 ) (1056 1680 832 ) (1056 1552 832 ) 
4 110 113 (1184 1680 832 ) (1216 1680 832 ) (1216 1552 832 ) (1184 1552 832 ) 
4 110 111 (1216 1680 832 ) (1376 1680 832 ) (1376 1552 832 ) (1216 1552 832 ) 
4 111 119 (1248 1552 736 ) (1216 1552 736 ) (1216 1552 704 ) (1248 1552 704 ) 
4 111 118 (1376 1552 704 ) (1376 1552 736 ) (1248 1552 736 ) (1248 1552 704 ) 
4 111 117 (1376 1552 736 ) (1376 1552 832 ) (1216 1552 832 ) (1216 1552 736 ) 
4 111 113 (1216 1680 832 ) (1216 1680 736 ) (1216 1552 736 ) (1216 1552 832 ) 
4 111 112 (1376 1680 704 ) (1376 1552 704 ) (1248 1552 704 ) (1248 1680 704 ) 
4 112 133 (1248 1680 640 ) (1376 1680 640 ) (1376 1552 640 ) (1248 1552 640 ) 
4 112 118 (1248 1552 640 ) (1376 1552 640 ) (1376 1552 704 ) (1248 1552 704 ) 
4 113 117 (1216 1552 736 ) (1216 1552 832 ) (1184 1552 832 ) (1184 1552 736 ) 
4 114 141 (640 1680 832 ) (640 1680 704 ) (640 1552 704 ) (640 1552 832 ) 
4 114 122 (1056 1552 704 ) (1056 1552 832 ) (640 1552 832 ) (640 1552 704 ) 
4 115 151 (640 296 1440 ) (640 296 1472 ) (640 1152 1472 ) (640 1152 1440 ) 
4 115 139 (640 1152 1472 ) (640 1552 1472 ) (640 1552 1440 ) (640 1152 1440 ) 
4 115 124 (640 296 1472 ) (640 296 1440 ) (1376 296 1440 ) (1376 296 1472 ) 
4 116 152 (640 296 864 ) (640 296 1440 ) (640 1152 1440 ) (640 1152 864 ) 
4 116 140 (640 1152 1440 ) (640 1552 1440 ) (640 1552 864 ) (640 1152 864 ) 
4 116 125 (640 296 1440 ) (640 296 864 ) (1376 296 864 ) (1376 296 1440 ) 
4 116 123 (1184 846.678813 864 ) (1184 668.084854 864 ) (1132 658 864 ) (1098 830 864 ) 
5 116 122 (640 1413.529662 864 ) (640 1552 864 ) (1184 1552 864 ) (1184 846.678813 864 ) (768 766 864 ) 
3 116 121 (640 562.581826 864 ) (640 1413.529662 864 ) (802 594 864 ) 
4 116 120 (1184 296 864 ) (640 296 864 ) (640 562.581826 864 ) (1184 668.084854 864 ) 
4 116 117 (1376 1552 864 ) (1376 296 864 ) (1184 296 864 ) (1184 1552 864 ) 
4 117 125 (1376 296 736 ) (1376 296 864 ) (1184 296 864 ) (1184 296 736 ) 
4 117 123 (1184 668.084854 864 ) (1184 846.678813 864 ) (1184 846.678813 736 ) (1184 668.084854 736 ) 
4 117 122 (1184 846.678813 864 ) (1184 1552 864 ) (1184 1552 736 ) (1184 846.678813 736 ) 
4 117 120 (1184 296 736 ) (1184 296 864 ) (1184 668.084854 864 ) (1184 668.084854 736 ) 
4 117 119 (1248 296 736 ) (1216 296 736 ) (1216 1552 736 ) (1248 1552 736 ) 
4 117 118 (1376 1552 736 ) (1376 296 736 ) (1248 296 736 ) (1248 1552 736 ) 
4 118 133 (1248 1552 640 ) (1376 1552 640 ) (1376 296 640 ) (1248 296 640 ) 
4 118 130 (1248 296 640 ) (1376 296 640 ) (1376 296 672 ) (1248 296 672 ) 
4 118 126 (1376 296 672 ) (1376 296 694 ) (1368 296 694 ) (1368 296 672 ) 
4 118 119 (1248 1552 736 ) (1248 1552 704 ) (1248 296 704 ) (1248 296 736 ) 
4 120 153 (640 296 704 ) (640 296 736 ) (640 562.581826 736 ) (640 562.581826 704 ) 
4 120 152 (640 296 736 ) (640 296 864 ) (640 562.581826 864 ) (640 562.581826 736 ) 
4 120 131 (640 296 736 ) (640 296 704 ) (1184 296 704 ) (1184 296 736 ) 
4 120 125 (640 296 864 ) (640 296 736 ) (1184 296 736 ) (1184 296 864 ) 
4 120 123 (1132 658 864 ) (1184 668.084853 864 ) (1184 668.084853 704 ) (1132 658 704 ) 
4 120 121 (640 562.581825 704 ) (640 562.581825 864 ) (802 594 864 ) (802 594 704 ) 
4 121 153 (640 1152 736 ) (640 1152 704 ) (640 562.581826 704 ) (640 562.581826 736 ) 
4 121 152 (640 562.581826 864 ) (640 1152 864 ) (640 1152 736 ) (640 562.581826 736 ) 
4 121 142 (640 1200 784 ) (640 1200 832 ) (640 1280 832 ) (640 1280 784 ) 
4 121 143 (640 1200 704 ) (640 1152 704 ) (640 1152 832 ) (640 1200 832 ) 
4 121 141 (640 1413.529662 832 ) (640 1413.529662 704 ) (640 1280 704 ) (640 1280 832 ) 
4 121 140 (640 1152 864 ) (640 1413.529662 864 ) (640 1413.529662 832 ) (640 1152 832 ) 
4 121 122 (768 766 704 ) (640 1413.529423 704 ) (640 1413.529423 864 ) (768 766 864 ) 
4 122 141 (640 1552 832 ) (640 1552 704 ) (640 1413.529662 704 ) (640 1413.529662 832 ) 
4 122 140 (640 1413.529662 864 ) (640 1552 864 ) (640 1552 832 ) (640 1413.529662 832 ) 
4 122 123 (1184 846.678812 704 ) (1184 846.678812 864 ) (1098 830 864 ) (1098 830 704 ) 
4 124 224 (640 184 1472 ) (640 184 1440 ) (752 184 1440 ) (752 184 1472 ) 
4 124 178 (752 184 1440 ) (1376 184 1440 ) (1376 184 1472 ) (752 184 1472 ) 
4 124 151 (640 184 1440 ) (640 184 1472 ) (640 296 1472 ) (640 296 1440 ) 
4 125 229 (640 184 1026 ) (640 184 736 ) (752 184 736 ) (752 184 1026 ) 
4 125 226 (640 184 1184 ) (640 184 1096 ) (752 184 1096 ) (752 184 1184 ) 
4 125 225 (640 184 1440 ) (640 184 1184 ) (752 184 1184 ) (752 184 1440 ) 
4 125 196 (752 184 736 ) (952 184 736 ) (952 184 1026 ) (752 184 1026 ) 
4 125 185 (1256 184 736 ) (1366 184 736 ) (1366 184 1096 ) (1256 184 1096 ) 
4 125 182 (1366 184 736 ) (1376 184 736 ) (1376 184 1096 ) (1366 184 1096 ) 
4 125 180 (1376 184 1096 ) (1376 184 1184 ) (752 184 1184 ) (752 184 1096 ) 
4 125 179 (1376 184 1184 ) (1376 184 1440 ) (752 184 1440 ) (752 184 1184 ) 
4 125 152 (640 184 736 ) (640 184 1440 ) (640 296 1440 ) (640 296 736 ) 
4 125 131 (640 296 736 ) (1184 296 736 ) (1184 184 736 ) (640 184 736 ) 
4 125 128 (1366 184 736 ) (1184 184 736 ) (1184 248 736 ) (1366 248 736 ) 
4 126 130 (1368 296 672 ) (1376 296 672 ) (1376 248 672 ) (1368 248 672 ) 
4 126 129 (1368 248 672 ) (1376 248 672 ) (1376 248 694 ) (1368 248 694 ) 
4 127 183 (1376 184 704 ) (1376 184 706 ) (1366 184 706 ) (1366 184 704 ) 
4 127 129 (1368 248 704 ) (1376 248 704 ) (1376 184 704 ) (1368 184 704 ) 
4 127 128 (1366 184 704 ) (1366 184 706 ) (1366 248 706 ) (1366 248 704 ) 
4 128 185 (1366 184 736 ) (1256 184 736 ) (1256 184 704 ) (1366 184 704 ) 
4 128 131 (1184 184 704 ) (1184 184 736 ) (1184 248 736 ) (1184 248 704 ) 
4 129 190 (1376 184 672 ) (1376 184 704 ) (1368 184 704 ) (1368 184 672 ) 
4 129 130 (1376 248 672 ) (1376 184 672 ) (1368 184 672 ) (1368 248 672 ) 
4 130 192 (1248 184 640 ) (1368 184 640 ) (1368 184 672 ) (1248 184 672 ) 
4 130 190 (1368 184 640 ) (1376 184 640 ) (1376 184 672 ) (1368 184 672 ) 
4 130 133 (1376 184 640 ) (1248 184 640 ) (1248 296 640 ) (1376 296 640 ) 
4 131 229 (640 184 736 ) (640 184 704 ) (752 184 704 ) (752 184 736 ) 
4 131 196 (752 184 704 ) (952 184 704 ) (952 184 736 ) (752 184 736 ) 
4 131 153 (640 184 704 ) (640 184 736 ) (640 296 736 ) (640 296 704 ) 
4 132 199 (2052 184 -224 ) (2052 184 -256 ) (2112 184 -256 ) (2112 184 -224 ) 
4 132 197 (2112 184 640 ) (2052 184 640 ) (2052 184 -224 ) (2112 184 -224 ) 
4 132 134 (2052 1680 -224 ) (2052 1680 -256 ) (2052 184 -256 ) (2052 184 -224 ) 
4 133 198 (2052 184 -224 ) (2052 184 640 ) (1216 184 640 ) (1216 184 -224 ) 
4 133 137 (1216 184 -224 ) (1216 184 -192 ) (1216 256 -192 ) (1216 256 -224 ) 
4 133 135 (1216 256 640 ) (1216 1680 640 ) (1216 1680 -224 ) (1216 256 -224 ) 
4 134 199 (2052 184 -256 ) (2052 184 -224 ) (1216 184 -224 ) (1216 184 -256 ) 
4 134 138 (1216 184 -256 ) (1216 184 -224 ) (1216 256 -224 ) (1216 256 -256 ) 
4 134 136 (1216 256 -224 ) (1216 1680 -224 ) (1216 1680 -256 ) (1216 256 -256 ) 
4 135 167 (640 1680 640 ) (640 1680 -224 ) (640 256 -224 ) (640 256 640 ) 
4 135 137 (640 256 -192 ) (640 256 -224 ) (1216 256 -224 ) (1216 256 -192 ) 
4 136 168 (640 1680 -224 ) (640 1680 -256 ) (640 256 -256 ) (640 256 -224 ) 
4 136 138 (640 256 -224 ) (640 256 -256 ) (1216 256 -256 ) (1216 256 -224 ) 
4 137 252 (752 184 -192 ) (640 184 -192 ) (640 184 -224 ) (752 184 -224 ) 
4 137 201 (1216 184 -224 ) (1216 184 -192 ) (752 184 -192 ) (752 184 -224 ) 
4 137 170 (640 184 -224 ) (640 184 -192 ) (640 256 -192 ) (640 256 -224 ) 
4 138 253 (752 184 -224 ) (640 184 -224 ) (640 184 -256 ) (752 184 -256 ) 
4 138 202 (1216 184 -256 ) (1216 184 -224 ) (752 184 -224 ) (752 184 -256 ) 
4 138 171 (640 184 -256 ) (640 184 -224 ) (640 256 -224 ) (640 256 -256 ) 
4 139 151 (640 1152 1440 ) (640 1152 1472 ) (352 1152 1472 ) (352 1152 1440 ) 
4 139 148 (352 1152 1440 ) (352 1152 1472 ) (352 1680 1472 ) (352 1680 1440 ) 
4 140 152 (640 1152 832 ) (640 1152 1440 ) (352 1152 1440 ) (352 1152 832 ) 
4 140 149 (352 1152 832 ) (352 1152 1440 ) (352 1680 1440 ) (352 1680 832 ) 
4 140 145 (416 1152 832 ) (352 1152 832 ) (352 1680 832 ) (416 1680 832 ) 
4 140 144 (432 1152 832 ) (416 1152 832 ) (416 1280 832 ) (432 1280 832 ) 
4 140 142 (560 1200 832 ) (560 1280 832 ) (640 1280 832 ) (640 1200 832 ) 
4 140 143 (640 1152 832 ) (560 1152 832 ) (560 1200 832 ) (640 1200 832 ) 
4 140 141 (416 1280 832 ) (416 1680 832 ) (640 1680 832 ) (640 1280 832 ) 
4 141 145 (416 1280 736 ) (416 1280 832 ) (416 1680 832 ) (416 1680 736 ) 
4 141 144 (432 1280 832 ) (416 1280 832 ) (416 1280 704 ) (432 1280 704 ) 
4 141 142 (640 1280 784 ) (640 1280 832 ) (560 1280 832 ) (560 1280 784 ) 
4 142 143 (560 1200 832 ) (560 1200 784 ) (640 1200 784 ) (640 1200 832 ) 
4 143 153 (640 1152 704 ) (640 1152 736 ) (560 1152 736 ) (560 1152 704 ) 
4 143 152 (640 1152 736 ) (640 1152 832 ) (560 1152 832 ) (560 1152 736 ) 
4 144 153 (416 1152 736 ) (416 1152 704 ) (432 1152 704 ) (432 1152 736 ) 
4 144 152 (432 1152 832 ) (416 1152 832 ) (416 1152 736 ) (432 1152 736 ) 
4 144 145 (416 1152 736 ) (416 1152 832 ) (416 1280 832 ) (416 1280 736 ) 
4 145 152 (416 1152 832 ) (352 1152 832 ) (352 1152 736 ) (416 1152 736 ) 
4 145 149 (352 1152 736 ) (352 1152 832 ) (352 1680 832 ) (352 1680 736 ) 
4 145 146 (384 1152 736 ) (352 1152 736 ) (352 1680 736 ) (384 1680 736 ) 
4 146 154 (352 1152 736 ) (352 1152 704 ) (384 1152 704 ) (384 1152 736 ) 
4 146 149 (352 1152 704 ) (352 1152 736 ) (352 1680 736 ) (352 1680 704 ) 
4 147 167 (416 1152 640 ) (352 1152 640 ) (352 1680 640 ) (416 1680 640 ) 
4 147 162 (352 1152 672 ) (352 1152 640 ) (416 1152 640 ) (416 1152 672 ) 
4 147 149 (352 1680 640 ) (352 1152 640 ) (352 1152 672 ) (352 1680 672 ) 
4 148 166 (-512 1152 1472 ) (-512 1152 1440 ) (-452 1152 1440 ) (-452 1152 1472 ) 
4 148 164 (-452 1152 1440 ) (160 1152 1440 ) (160 1152 1472 ) (-452 1152 1472 ) 
4 148 151 (160 1152 1440 ) (352 1152 1440 ) (352 1152 1472 ) (160 1152 1472 ) 
4 148 150 (-452 1152 1440 ) (-512 1152 1440 ) (-512 1680 1440 ) (-452 1680 1440 ) 
4 149 167 (352 1152 640 ) (-452 1152 640 ) (-452 1680 640 ) (352 1680 640 ) 
4 149 165 (-452 1152 640 ) (160 1152 640 ) (160 1152 1440 ) (-452 1152 1440 ) 
4 149 162 (160 1152 640 ) (352 1152 640 ) (352 1152 672 ) (160 1152 672 ) 
4 149 155 (352 1152 672 ) (352 1152 736 ) (160 1152 736 ) (160 1152 672 ) 
4 149 152 (352 1152 736 ) (352 1152 1440 ) (160 1152 1440 ) (160 1152 736 ) 
4 150 169 (-452 1152 640 ) (-512 1152 640 ) (-512 1680 640 ) (-452 1680 640 ) 
4 150 166 (-512 1152 1440 ) (-512 1152 640 ) (-452 1152 640 ) (-452 1152 1440 ) 
4 151 224 (640 184 1440 ) (640 184 1472 ) (160 184 1472 ) (160 184 1440 ) 
4 151 164 (160 1152 1472 ) (160 1152 1440 ) (160 184 1440 ) (160 184 1472 ) 
4 152 231 (352 184 1096 ) (160 184 1096 ) (160 184 736 ) (352 184 736 ) 
4 152 229 (640 184 736 ) (640 184 1026 ) (636 184 1026 ) (636 184 736 ) 
4 152 226 (640 184 1096 ) (640 184 1184 ) (160 184 1184 ) (160 184 1096 ) 
4 152 225 (640 184 1184 ) (640 184 1440 ) (160 184 1440 ) (160 184 1184 ) 
4 152 165 (160 1152 1440 ) (160 1152 736 ) (160 184 736 ) (160 184 1440 ) 
4 152 158 (416 184 736 ) (192 184 736 ) (192 320 736 ) (416 320 736 ) 
4 152 154 (352 1152 736 ) (384 1152 736 ) (384 336 736 ) (352 336 736 ) 
4 152 155 (160 336 736 ) (160 1152 736 ) (352 1152 736 ) (352 336 736 ) 
4 152 153 (640 1152 736 ) (640 184 736 ) (416 184 736 ) (416 1152 736 ) 
4 153 229 (640 184 704 ) (640 184 736 ) (636 184 736 ) (636 184 704 ) 
4 153 158 (416 184 736 ) (416 320 736 ) (416 320 704 ) (416 184 704 ) 
4 154 155 (352 1152 736 ) (352 1152 704 ) (352 336 704 ) (352 336 736 ) 
4 155 165 (160 1152 736 ) (160 1152 672 ) (160 336 672 ) (160 336 736 ) 
4 155 162 (352 336 672 ) (160 336 672 ) (160 1152 672 ) (352 1152 672 ) 
4 155 157 (160 336 706 ) (160 336 672 ) (168 336 672 ) (168 336 706 ) 
4 155 156 (168 336 702 ) (168 336 672 ) (352 336 672 ) (352 336 702 ) 
4 156 162 (352 320 672 ) (168 320 672 ) (168 336 672 ) (352 336 672 ) 
4 156 160 (172 320 672 ) (352 320 672 ) (352 320 702 ) (172 320 702 ) 
4 156 161 (168 320 672 ) (172 320 672 ) (172 320 702 ) (168 320 702 ) 
4 156 157 (168 336 702 ) (168 336 672 ) (168 320 672 ) (168 320 702 ) 
4 157 165 (160 336 672 ) (160 320 672 ) (160 320 706 ) (160 336 706 ) 
4 157 162 (168 320 672 ) (160 320 672 ) (160 336 672 ) (168 336 672 ) 
4 157 161 (160 320 704 ) (160 320 672 ) (168 320 672 ) (168 320 704 ) 
4 157 159 (160 320 706 ) (160 320 704 ) (168 320 704 ) (168 320 706 ) 
4 158 232 (352 184 736 ) (192 184 736 ) (192 184 704 ) (352 184 704 ) 
4 158 159 (192 184 704 ) (192 184 706 ) (192 320 706 ) (192 320 704 ) 
4 159 233 (160 184 706 ) (160 184 704 ) (192 184 704 ) (192 184 706 ) 
4 159 165 (160 184 704 ) (160 184 706 ) (160 320 706 ) (160 320 704 ) 
4 159 161 (172 184 704 ) (160 184 704 ) (160 320 704 ) (172 320 704 ) 
4 160 243 (172 184 672 ) (352 184 672 ) (352 184 703 ) (172 184 703 ) 
4 160 163 (320 184 672 ) (172 184 672 ) (172 256 672 ) (320 256 672 ) 
4 160 162 (172 256 672 ) (172 320 672 ) (352 320 672 ) (352 256 672 ) 
4 160 161 (172 320 703 ) (172 320 672 ) (172 184 672 ) (172 184 703 ) 
4 161 247 (160 184 704 ) (160 184 672 ) (172 184 672 ) (172 184 704 ) 
4 161 165 (160 320 672 ) (160 184 672 ) (160 184 704 ) (160 320 704 ) 
4 161 163 (172 184 672 ) (160 184 672 ) (160 256 672 ) (172 256 672 ) 
4 161 162 (160 256 672 ) (160 320 672 ) (172 320 672 ) (172 256 672 ) 
4 162 167 (160 256 640 ) (160 1152 640 ) (416 1152 640 ) (416 256 640 ) 
4 162 165 (160 1152 672 ) (160 1152 640 ) (160 256 640 ) (160 256 672 ) 
4 162 163 (320 256 672 ) (160 256 672 ) (160 256 640 ) (320 256 640 ) 
4 163 245 (172 184 640 ) (320 184 640 ) (320 184 672 ) (172 184 672 ) 
4 163 247 (160 184 672 ) (160 184 640 ) (172 184 640 ) (172 184 672 ) 
4 163 172 (320 184 640 ) (160 184 640 ) (160 256 640 ) (320 256 640 ) 
4 163 165 (160 256 640 ) (160 184 640 ) (160 184 672 ) (160 256 672 ) 
4 164 248 (156 184 1472 ) (-452 184 1472 ) (-452 184 1440 ) (156 184 1440 ) 
4 164 224 (160 184 1440 ) (160 184 1472 ) (156 184 1472 ) (156 184 1440 ) 
4 164 166 (-452 1152 1472 ) (-452 1152 1440 ) (-452 184 1440 ) (-452 184 1472 ) 
4 165 249 (-452 184 640 ) (156 184 640 ) (156 184 1440 ) (-452 184 1440 ) 
4 165 247 (156 184 640 ) (160 184 640 ) (160 184 704 ) (156 184 704 ) 
4 165 234 (160 184 704 ) (160 184 736 ) (156 184 736 ) (156 184 704 ) 
4 165 231 (160 184 736 ) (160 184 1096 ) (156 184 1096 ) (156 184 736 ) 
4 165 226 (160 184 1096 ) (160 184 1184 ) (156 184 1184 ) (156 184 1096 ) 
4 165 225 (160 184 1184 ) (160 184 1440 ) (156 184 1440 ) (156 184 1184 ) 
4 165 172 (160 184 640 ) (-452 184 640 ) (-452 256 640 ) (160 256 640 ) 
4 165 167 (-452 256 640 ) (-452 1152 640 ) (160 1152 640 ) (160 256 640 ) 
4 166 250 (-512 184 640 ) (-452 184 640 ) (-452 184 1472 ) (-512 184 1472 ) 
4 166 173 (-452 184 640 ) (-512 184 640 ) (-512 256 640 ) (-452 256 640 ) 
4 166 169 (-512 256 640 ) (-512 1152 640 ) (-452 1152 640 ) (-452 256 640 ) 
4 167 172 (320 256 640 ) (-452 256 640 ) (-452 256 -224 ) (320 256 -224 ) 
4 167 170 (640 256 -224 ) (640 256 -192 ) (320 256 -192 ) (320 256 -224 ) 
4 168 174 (320 256 -224 ) (-452 256 -224 ) (-452 256 -256 ) (320 256 -256 ) 
4 168 171 (640 256 -256 ) (640 256 -224 ) (320 256 -224 ) (320 256 -256 ) 
4 168 169 (-452 1680 -224 ) (-452 1680 -256 ) (-452 256 -256 ) (-452 256 -224 ) 
4 169 174 (-452 256 -256 ) (-452 256 -224 ) (-512 256 -224 ) (-512 256 -256 ) 
4 169 173 (-452 256 -224 ) (-452 256 640 ) (-512 256 640 ) (-512 256 -224 ) 
4 170 252 (640 184 -224 ) (640 184 -192 ) (320 184 -192 ) (320 184 -224 ) 
4 170 172 (320 256 -192 ) (320 256 -224 ) (320 184 -224 ) (320 184 -192 ) 
4 171 253 (640 184 -256 ) (640 184 -224 ) (320 184 -224 ) (320 184 -256 ) 
4 171 174 (320 256 -224 ) (320 256 -256 ) (320 184 -256 ) (320 184 -224 ) 
4 172 254 (320 184 -224 ) (320 184 640 ) (-452 184 640 ) (-452 184 -224 ) 
4 173 255 (-452 184 640 ) (-512 184 640 ) (-512 184 -224 ) (-452 184 -224 ) 
4 173 174 (-452 184 -224 ) (-512 184 -224 ) (-512 256 -224 ) (-452 256 -224 ) 
4 174 256 (320 184 -256 ) (320 184 -224 ) (-512 184 -224 ) (-512 184 -256 ) 
4 175 203 (2112 -282 1472 ) (2052 -282 1472 ) (2052 -282 640 ) (2112 -282 640 ) 
4 175 197 (2112 -282 640 ) (2052 -282 640 ) (2052 184 640 ) (2112 184 640 ) 
4 175 176 (2052 184 1472 ) (2052 184 1440 ) (2052 -282 1440 ) (2052 -282 1472 ) 
4 176 204 (2052 -282 1472 ) (1414 -282 1472 ) (1414 -282 1440 ) (2052 -282 1440 ) 
4 176 178 (1414 184 1472 ) (1414 184 1440 ) (1414 -282 1440 ) (1414 -282 1472 ) 
4 177 205 (1414 -282 1440 ) (1414 -282 640 ) (2052 -282 640 ) (2052 -282 1440 ) 
4 177 198 (2052 -282 640 ) (1414 -282 640 ) (1414 184 640 ) (2052 184 640 ) 
4 177 189 (1414 184 704 ) (1414 184 640 ) (1414 -282 640 ) (1414 -282 704 ) 
4 177 184 (1414 -234 704 ) (1414 -282 704 ) (1414 -282 706 ) (1414 -234 706 ) 
4 177 183 (1414 184 706 ) (1414 184 704 ) (1414 -234 704 ) (1414 -234 706 ) 
6 177 182 (1414 184 1096 ) (1414 184 736 ) (1414 -282 736 ) (1414 -282 1033.571393 ) (1414 -12 1184 ) (1414 33 1184 ) 
3 177 181 (1414 -282 1033.571393 ) (1414 -282 1184 ) (1414 -12 1184 ) 
3 177 180 (1414 184 1184 ) (1414 184 1096 ) (1414 33 1184 ) 
4 177 179 (1414 184 1440 ) (1414 184 1184 ) (1414 -282 1184 ) (1414 -282 1440 ) 
4 178 224 (752 -282 1440 ) (752 -282 1472 ) (752 184 1472 ) (752 184 1440 ) 
4 178 206 (752 -282 1472 ) (752 -282 1440 ) (1248 -282 1440 ) (1248 -282 1472 ) 
4 178 204 (1248 -282 1440 ) (1414 -282 1440 ) (1414 -282 1472 ) (1248 -282 1472 ) 
4 179 225 (752 -282 1184 ) (752 -282 1440 ) (752 184 1440 ) (752 184 1184 ) 
4 179 207 (752 -282 1440 ) (752 -282 1184 ) (1248 -282 1184 ) (1248 -282 1440 ) 
4 179 205 (1248 -282 1184 ) (1414 -282 1184 ) (1414 -282 1440 ) (1248 -282 1440 ) 
4 179 185 (1366 -12 1184 ) (1256 -12 1184 ) (1256 33 1184 ) (1366 33 1184 ) 
4 179 182 (1414 33 1184 ) (1414 -12 1184 ) (1366 -12 1184 ) (1366 33 1184 ) 
4 179 181 (1414 -12 1184 ) (1414 -282 1184 ) (752 -282 1184 ) (752 -12 1184 ) 
4 179 180 (1414 184 1184 ) (1414 33 1184 ) (752 33 1184 ) (752 184 1184 ) 
3 180 226 (752 33 1184 ) (752 184 1184 ) (752 184 1096 ) 
4 180 185 (1256 184 1096 ) (1366 184 1096 ) (1366 33 1184 ) (1256 33 1184 ) 
4 180 182 (1366 184 1096 ) (1414 184 1096 ) (1414 33 1184 ) (1366 33 1184 ) 
4 181 235 (752 -282 1033.571393 ) (752 -282 1184 ) (752 -280 1184 ) (752 -280 1034.685678 ) 
3 181 227 (752 -152 1184 ) (752 -12 1184 ) (752 -152 1106 ) 
4 181 228 (752 -280 1184 ) (752 -152 1184 ) (752 -152 1106 ) (752 -280 1034.685678 ) 
4 181 207 (752 -282 1184 ) (752 -282 1033.571393 ) (1248 -282 1033.571393 ) (1248 -282 1184 ) 
4 181 205 (1248 -282 1033.571393 ) (1414 -282 1033.571393 ) (1414 -282 1184 ) (1248 -282 1184 ) 
4 181 194 (1184 -282 1033.571423 ) (752 -282 1033.571423 ) (752 -152 1106 ) (1184 -152 1106 ) 
4 181 186 (1366 -282 1033.571423 ) (1184 -282 1033.571423 ) (1184 -152 1106 ) (1366 -152 1106 ) 
4 181 185 (1256 -12 1184 ) (1366 -12 1184 ) (1366 -152 1106 ) (1256 -152 1106 ) 
4 181 182 (1414 -12 1184 ) (1414 -282 1033.571423 ) (1366 -282 1033.571423 ) (1366 -12 1184 ) 
4 182 205 (1414 -282 736 ) (1414 -282 1033.571393 ) (1366 -282 1033.571393 ) (1366 -282 736 ) 
4 182 186 (1366 -282 736 ) (1366 -282 1033.571393 ) (1366 -152 1106 ) (1366 -152 736 ) 
6 182 185 (1366 -152 1106 ) (1366 -12 1184 ) (1366 33 1184 ) (1366 184 1096 ) (1366 184 736 ) (1366 -152 736 ) 
4 183 190 (1386 -234 704 ) (1368 -234 704 ) (1368 184 704 ) (1386 184 704 ) 
4 183 189 (1414 184 704 ) (1414 -234 704 ) (1386 -234 704 ) (1386 184 704 ) 
4 183 187 (1366 -152 704 ) (1366 -234 704 ) (1366 -234 706 ) (1366 -152 706 ) 
4 183 185 (1366 184 706 ) (1366 184 704 ) (1366 -152 704 ) (1366 -152 706 ) 
4 183 184 (1386 -234 704 ) (1414 -234 704 ) (1414 -234 706 ) (1386 -234 706 ) 
4 184 205 (1414 -282 704 ) (1414 -282 706 ) (1386 -282 706 ) (1386 -282 704 ) 
4 184 189 (1414 -234 704 ) (1414 -282 704 ) (1386 -282 704 ) (1386 -234 704 ) 
4 185 187 (1256 -152 704 ) (1366 -152 704 ) (1366 -152 736 ) (1256 -152 736 ) 
4 185 186 (1366 -152 736 ) (1366 -152 1106 ) (1256 -152 1106 ) (1256 -152 736 ) 
4 186 207 (1248 -282 1033.571393 ) (1184 -282 1033.571393 ) (1184 -282 736 ) (1248 -282 736 ) 
4 186 205 (1366 -282 1033.571393 ) (1248 -282 1033.571393 ) (1248 -282 736 ) (1366 -282 736 ) 
4 186 195 (1184 -282 736 ) (1184 -282 1026 ) (1184 -152 1026 ) (1184 -152 736 ) 
4 186 194 (1184 -282 1026 ) (1184 -282 1033.571393 ) (1184 -152 1106 ) (1184 -152 1026 ) 
4 186 188 (1184 -280 736 ) (1184 -152 736 ) (1186 -152 736 ) (1186 -280 736 ) 
4 186 187 (1186 -234 736 ) (1186 -152 736 ) (1366 -152 736 ) (1366 -234 736 ) 
4 187 188 (1186 -152 736 ) (1186 -152 704 ) (1186 -234 704 ) (1186 -234 736 ) 
4 188 195 (1184 -280 736 ) (1184 -152 736 ) (1184 -152 704 ) (1184 -280 704 ) 
4 189 205 (1386 -282 640 ) (1414 -282 640 ) (1414 -282 704 ) (1386 -282 704 ) 
4 189 198 (1414 -282 640 ) (1386 -282 640 ) (1386 184 640 ) (1414 184 640 ) 
4 189 193 (1386 -280 640 ) (1386 -282 640 ) (1386 -282 694 ) (1386 -280 694 ) 
4 189 191 (1386 -234 640 ) (1386 -280 640 ) (1386 -280 694 ) (1386 -234 694 ) 
4 189 190 (1386 184 704 ) (1386 184 640 ) (1386 -234 640 ) (1386 -234 704 ) 
4 190 198 (1368 184 640 ) (1386 184 640 ) (1386 -234 640 ) (1368 -234 640 ) 
4 190 192 (1368 184 672 ) (1368 184 640 ) (1368 -234 640 ) (1368 -234 672 ) 
4 190 191 (1368 -234 640 ) (1386 -234 640 ) (1386 -234 694 ) (1368 -234 694 ) 
4 191 198 (1386 -234 640 ) (1386 -280 640 ) (1368 -280 640 ) (1368 -234 640 ) 
4 191 193 (1368 -280 640 ) (1386 -280 640 ) (1386 -280 694 ) (1368 -280 694 ) 
4 191 192 (1368 -234 640 ) (1368 -280 640 ) (1368 -280 672 ) (1368 -234 672 ) 
4 192 198 (1248 -280 640 ) (1248 184 640 ) (1368 184 640 ) (1368 -280 640 ) 
4 192 193 (1248 -280 672 ) (1248 -280 640 ) (1368 -280 640 ) (1368 -280 672 ) 
4 193 205 (1248 -282 640 ) (1386 -282 640 ) (1386 -282 694 ) (1248 -282 694 ) 
4 193 198 (1386 -282 640 ) (1248 -282 640 ) (1248 -280 640 ) (1386 -280 640 ) 
4 194 235 (752 -282 1026 ) (752 -282 1033.571393 ) (752 -280 1034.685678 ) (752 -280 1026 ) 
4 194 228 (752 -280 1034.685678 ) (752 -152 1106 ) (752 -152 1026 ) (752 -280 1026 ) 
4 194 207 (752 -282 1033.571393 ) (752 -282 1026 ) (1184 -282 1026 ) (1184 -282 1033.571393 ) 
4 194 196 (952 -282 1026 ) (752 -282 1026 ) (752 -152 1026 ) (952 -152 1026 ) 
4 194 195 (1184 -152 1026 ) (1184 -282 1026 ) (952 -282 1026 ) (952 -152 1026 ) 
4 195 209 (1184 -282 704 ) (1184 -282 736 ) (952 -282 736 ) (952 -282 704 ) 
4 195 207 (1184 -282 736 ) (1184 -282 1026 ) (952 -282 1026 ) (952 -282 736 ) 
4 195 196 (952 -282 704 ) (952 -282 1026 ) (952 -152 1026 ) (952 -152 704 ) 
4 196 235 (752 -282 704 ) (752 -282 1026 ) (752 -280 1026 ) (752 -280 704 ) 
4 196 229 (752 -152 1026 ) (752 184 1026 ) (752 184 704 ) (752 -152 704 ) 
4 196 230 (752 -280 1026 ) (752 -152 1026 ) (752 -152 704 ) (752 -280 704 ) 
4 196 209 (752 -282 736 ) (752 -282 704 ) (952 -282 704 ) (952 -282 736 ) 
4 196 207 (752 -282 1026 ) (752 -282 736 ) (952 -282 736 ) (952 -282 1026 ) 
4 197 221 (2112 -282 640 ) (2052 -282 640 ) (2052 -282 -224 ) (2112 -282 -224 ) 
4 197 199 (2112 -282 -224 ) (2052 -282 -224 ) (2052 184 -224 ) (2112 184 -224 ) 
4 198 222 (2052 -282 640 ) (1216 -282 640 ) (1216 -282 -224 ) (2052 -282 -224 ) 
4 198 201 (1216 -282 -224 ) (1216 -282 -192 ) (1216 184 -192 ) (1216 184 -224 ) 
4 198 200 (1216 -282 -192 ) (1216 -282 640 ) (1216 -256 640 ) (1216 -256 -192 ) 
4 199 223 (2052 -282 -224 ) (1216 -282 -224 ) (1216 -282 -256 ) (2052 -282 -256 ) 
4 199 221 (2112 -282 -256 ) (2112 -282 -224 ) (2052 -282 -224 ) (2052 -282 -256 ) 
4 199 202 (1216 -282 -256 ) (1216 -282 -224 ) (1216 184 -224 ) (1216 184 -256 ) 
4 200 251 (752 -282 -192 ) (752 -282 640 ) (752 -256 640 ) (752 -256 -192 ) 
4 200 222 (1216 -282 -192 ) (1216 -282 640 ) (752 -282 640 ) (752 -282 -192 ) 
4 200 201 (1216 -256 -192 ) (1216 -282 -192 ) (752 -282 -192 ) (752 -256 -192 ) 
4 201 252 (752 -282 -224 ) (752 -282 -192 ) (752 184 -192 ) (752 184 -224 ) 
4 201 222 (1216 -282 -224 ) (1216 -282 -192 ) (752 -282 -192 ) (752 -282 -224 ) 
4 202 253 (752 -282 -256 ) (752 -282 -224 ) (752 184 -224 ) (752 184 -256 ) 
4 202 223 (1216 -282 -256 ) (1216 -282 -224 ) (752 -282 -224 ) (752 -282 -256 ) 
4 203 221 (2052 -282 640 ) (2112 -282 640 ) (2112 -1744 640 ) (2052 -1744 640 ) 
4 203 211 (2052 -1744 1440 ) (2052 -1744 640 ) (2112 -1744 640 ) (2112 -1744 1440 ) 
4 203 210 (2112 -1744 1472 ) (2052 -1744 1472 ) (2052 -1744 1440 ) (2112 -1744 1440 ) 
4 203 204 (2052 -1744 1440 ) (2052 -1744 1472 ) (2052 -282 1472 ) (2052 -282 1440 ) 
4 204 210 (1248 -1744 1472 ) (1248 -1744 1440 ) (2052 -1744 1440 ) (2052 -1744 1472 ) 
4 204 206 (1248 -282 1472 ) (1248 -282 1440 ) (1248 -1744 1440 ) (1248 -1744 1472 ) 
4 205 222 (1248 -282 640 ) (2052 -282 640 ) (2052 -1744 640 ) (1248 -1744 640 ) 
4 205 212 (1248 -1744 1440 ) (1248 -1744 640 ) (2052 -1744 640 ) (2052 -1744 1440 ) 
4 205 208 (1248 -282 736 ) (1248 -282 704 ) (1248 -1744 704 ) (1248 -1744 736 ) 
4 205 207 (1248 -282 1440 ) (1248 -282 736 ) (1248 -1744 736 ) (1248 -1744 1440 ) 
4 206 265 (752 -1376 1440 ) (752 -1744 1440 ) (752 -1744 1472 ) (752 -1376 1472 ) 
4 206 257 (752 -800 1440 ) (752 -1376 1440 ) (752 -1376 1472 ) (752 -800 1472 ) 
4 206 224 (752 -282 1472 ) (752 -282 1440 ) (752 -800 1440 ) (752 -800 1472 ) 
4 206 213 (752 -1744 1472 ) (752 -1744 1440 ) (1248 -1744 1440 ) (1248 -1744 1472 ) 
4 207 270 (752 -1404.399912 736 ) (752 -1540.533259 736 ) (752 -1540.533259 832 ) (752 -1404.399912 832 ) 
4 207 269 (752 -1376 736 ) (752 -1404.399912 736 ) (752 -1404.399912 832 ) (752 -1376 832 ) 
4 207 267 (752 -1540.533259 736 ) (752 -1744 736 ) (752 -1744 832 ) (752 -1540.533259 832 ) 
4 207 266 (752 -1744 832 ) (752 -1744 1440 ) (752 -1376 1440 ) (752 -1376 832 ) 
4 207 260 (752 -1248 736 ) (752 -1376 736 ) (752 -1376 832 ) (752 -1248 832 ) 
4 207 259 (752 -800 736 ) (752 -1248 736 ) (752 -1248 832 ) (752 -800 832 ) 
4 207 258 (752 -1376 832 ) (752 -1376 1440 ) (752 -800 1440 ) (752 -800 832 ) 
4 207 238 (752 -660 736 ) (752 -764 736 ) (752 -764 856 ) (752 -660 856 ) 
4 207 236 (752 -800 864 ) (752 -800 1184 ) (752 -624 1184 ) (752 -624 864 ) 
4 207 235 (752 -282 1184 ) (752 -282 736 ) (752 -624 736 ) (752 -624 1184 ) 
4 207 225 (752 -282 1440 ) (752 -282 1184 ) (752 -800 1184 ) (752 -800 1440 ) 
4 207 218 (928 -1744 736 ) (1056 -1744 736 ) (1056 -1744 832 ) (928 -1744 832 ) 
4 207 219 (752 -1744 832 ) (752 -1744 736 ) (928 -1744 736 ) (928 -1744 832 ) 
4 207 215 (1184 -1744 736 ) (1248 -1744 736 ) (1248 -1744 832 ) (1184 -1744 832 ) 
4 207 214 (752 -1744 1440 ) (752 -1744 832 ) (1248 -1744 832 ) (1248 -1744 1440 ) 
4 207 209 (1184 -1744 736 ) (752 -1744 736 ) (752 -282 736 ) (1184 -282 736 ) 
4 207 208 (1248 -282 736 ) (1248 -1744 736 ) (1216 -1744 736 ) (1216 -282 736 ) 
4 208 216 (1248 -1744 704 ) (1248 -1744 736 ) (1216 -1744 736 ) (1216 -1744 704 ) 
4 209 270 (752 -1404.399912 704 ) (752 -1540.533259 704 ) (752 -1540.533259 736 ) (752 -1404.399912 736 ) 
4 209 269 (752 -1376 704 ) (752 -1404.399912 704 ) (752 -1404.399912 736 ) (752 -1376 736 ) 
4 209 267 (752 -1540.533259 704 ) (752 -1744 704 ) (752 -1744 736 ) (752 -1540.533259 736 ) 
4 209 260 (752 -1248 704 ) (752 -1376 704 ) (752 -1376 736 ) (752 -1248 736 ) 
4 209 259 (752 -800 704 ) (752 -1248 704 ) (752 -1248 736 ) (752 -800 736 ) 
4 209 238 (752 -660 704 ) (752 -764 704 ) (752 -764 736 ) (752 -660 736 ) 
4 209 235 (752 -282 736 ) (752 -282 704 ) (752 -624 704 ) (752 -624 736 ) 
4 209 218 (928 -1744 704 ) (1056 -1744 704 ) (1056 -1744 736 ) (928 -1744 736 ) 
4 209 219 (752 -1744 736 ) (752 -1744 704 ) (928 -1744 704 ) (928 -1744 736 ) 
4 210 292 (1248 -2012 1472 ) (1248 -2012 1440 ) (1264 -2012 1440 ) (1264 -2012 1472 ) 
4 210 280 (1264 -2012 1440 ) (2112 -2012 1440 ) (2112 -2012 1472 ) (1264 -2012 1472 ) 
4 210 213 (1248 -1744 1472 ) (1248 -1744 1440 ) (1248 -2012 1440 ) (1248 -2012 1472 ) 
4 210 211 (2112 -2012 1440 ) (2052 -2012 1440 ) (2052 -1744 1440 ) (2112 -1744 1440 ) 
4 211 290 (2052 -2012 640 ) (2112 -2012 640 ) (2112 -2012 704 ) (2052 -2012 704 ) 
4 211 282 (2072 -2012 1440 ) (2052 -2012 1440 ) (2052 -2012 768 ) (2072 -2012 768 ) 
4 211 281 (2112 -2012 704 ) (2112 -2012 1440 ) (2072 -2012 1440 ) (2072 -2012 704 ) 
4 211 221 (2052 -1744 640 ) (2112 -1744 640 ) (2112 -2012 640 ) (2052 -2012 640 ) 
4 212 297 (1248 -2012 704 ) (1248 -2012 640 ) (1264 -2012 640 ) (1264 -2012 704 ) 
4 212 294 (1248 -2012 784 ) (1248 -2012 768 ) (1264 -2012 768 ) (1264 -2012 784 ) 
4 212 293 (1248 -2012 1440 ) (1248 -2012 784 ) (1264 -2012 784 ) (1264 -2012 1440 ) 
4 212 291 (1264 -2012 640 ) (2052 -2012 640 ) (2052 -2012 704 ) (1264 -2012 704 ) 
4 212 288 (1984 -2012 1440 ) (1264 -2012 1440 ) (1264 -2012 768 ) (1984 -2012 768 ) 
4 212 284 (2052 -2012 768 ) (2052 -2012 1440 ) (1984 -2012 1440 ) (1984 -2012 768 ) 
4 212 222 (1248 -1744 640 ) (2052 -1744 640 ) (2052 -2012 640 ) (1248 -2012 640 ) 
4 212 216 (1248 -1744 736 ) (1248 -1744 704 ) (1248 -2012 704 ) (1248 -2012 736 ) 
4 212 215 (1248 -1744 832 ) (1248 -1744 736 ) (1248 -2012 736 ) (1248 -2012 832 ) 
4 212 214 (1248 -1744 1440 ) (1248 -1744 832 ) (1248 -2012 832 ) (1248 -2012 1440 ) 
4 213 292 (752 -2012 1472 ) (752 -2012 1440 ) (1248 -2012 1440 ) (1248 -2012 1472 ) 
4 213 265 (752 -2012 1440 ) (752 -2012 1472 ) (752 -1744 1472 ) (752 -1744 1440 ) 
4 214 293 (752 -2012 1440 ) (752 -2012 832 ) (1248 -2012 832 ) (1248 -2012 1440 ) 
4 214 266 (752 -2012 832 ) (752 -2012 1440 ) (752 -1744 1440 ) (752 -1744 832 ) 
4 214 220 (1184 -2012 832 ) (752 -2012 832 ) (752 -1920 832 ) (1184 -1920 832 ) 
4 214 218 (928 -1744 832 ) (1056 -1744 832 ) (1056 -1792 832 ) (928 -1792 832 ) 
4 214 219 (752 -1920 832 ) (752 -1744 832 ) (928 -1744 832 ) (928 -1920 832 ) 
4 214 217 (1184 -1872 832 ) (1184 -1920 832 ) (1056 -1920 832 ) (1056 -1872 832 ) 
4 214 215 (1248 -1744 832 ) (1248 -2012 832 ) (1184 -2012 832 ) (1184 -1744 832 ) 
4 215 296 (1216 -2012 784 ) (1184 -2012 784 ) (1184 -2012 736 ) (1216 -2012 736 ) 
4 215 295 (1248 -2012 736 ) (1248 -2012 768 ) (1216 -2012 768 ) (1216 -2012 736 ) 
4 215 294 (1248 -2012 768 ) (1248 -2012 784 ) (1216 -2012 784 ) (1216 -2012 768 ) 
4 215 293 (1248 -2012 784 ) (1248 -2012 832 ) (1184 -2012 832 ) (1184 -2012 784 ) 
4 215 220 (1184 -2012 832 ) (1184 -1920 832 ) (1184 -1920 736 ) (1184 -2012 736 ) 
4 215 217 (1184 -1920 832 ) (1184 -1872 832 ) (1184 -1872 736 ) (1184 -1920 736 ) 
4 215 216 (1248 -1744 736 ) (1248 -2012 736 ) (1216 -2012 736 ) (1216 -1744 736 ) 
4 216 295 (1248 -2012 704 ) (1248 -2012 736 ) (1216 -2012 736 ) (1216 -2012 704 ) 
4 217 220 (1184 -1920 704 ) (1184 -1920 832 ) (1056 -1920 832 ) (1056 -1920 704 ) 
4 218 219 (928 -1792 832 ) (928 -1744 832 ) (928 -1744 704 ) (928 -1792 704 ) 
4 219 267 (752 -1920 832 ) (752 -1744 832 ) (752 -1744 704 ) (752 -1920 704 ) 
4 219 220 (752 -1920 832 ) (752 -1920 704 ) (928 -1920 704 ) (928 -1920 832 ) 
4 220 298 (1168 -2012 704 ) (1184 -2012 704 ) (1184 -2012 784 ) (1168 -2012 784 ) 
4 220 299 (752 -2012 784 ) (752 -2012 704 ) (1168 -2012 704 ) (1168 -2012 784 ) 
4 220 293 (752 -2012 832 ) (752 -2012 784 ) (1184 -2012 784 ) (1184 -2012 832 ) 
4 220 267 (752 -2012 704 ) (752 -2012 832 ) (752 -1920 832 ) (752 -1920 704 ) 
4 221 308 (2112 -2012 640 ) (2052 -2012 640 ) (2052 -2012 -256 ) (2112 -2012 -256 ) 
4 221 223 (2052 -2012 -256 ) (2052 -2012 -224 ) (2052 -282 -224 ) (2052 -282 -256 ) 
4 222 309 (2052 -2012 -224 ) (2052 -2012 640 ) (752 -2012 640 ) (752 -2012 -224 ) 
4 222 277 (752 -2012 -224 ) (752 -2012 640 ) (752 -800 640 ) (752 -800 -224 ) 
4 222 252 (752 -282 -192 ) (752 -282 -224 ) (752 -800 -224 ) (752 -800 -192 ) 
4 222 251 (752 -800 640 ) (752 -282 640 ) (752 -282 -192 ) (752 -800 -192 ) 
4 223 310 (2052 -2012 -256 ) (2052 -2012 -224 ) (752 -2012 -224 ) (752 -2012 -256 ) 
4 223 278 (752 -2012 -256 ) (752 -2012 -224 ) (752 -800 -224 ) (752 -800 -256 ) 
4 223 253 (752 -800 -224 ) (752 -282 -224 ) (752 -282 -256 ) (752 -800 -256 ) 
4 224 274 (352 -800 1472 ) (156 -800 1472 ) (156 -800 1440 ) (352 -800 1440 ) 
4 224 257 (752 -800 1440 ) (752 -800 1472 ) (352 -800 1472 ) (352 -800 1440 ) 
4 224 248 (156 184 1472 ) (156 184 1440 ) (156 -800 1440 ) (156 -800 1472 ) 
4 225 275 (352 -800 1440 ) (156 -800 1440 ) (156 -800 1184 ) (352 -800 1184 ) 
4 225 258 (752 -800 1184 ) (752 -800 1440 ) (352 -800 1440 ) (352 -800 1184 ) 
4 225 249 (156 184 1440 ) (156 184 1184 ) (156 -800 1184 ) (156 -800 1440 ) 
4 225 241 (416 -800 1184 ) (156 -800 1184 ) (156 -280 1184 ) (416 -280 1184 ) 
4 225 236 (752 -624 1184 ) (752 -800 1184 ) (416 -800 1184 ) (416 -624 1184 ) 
4 225 235 (752 -280 1184 ) (752 -624 1184 ) (416 -624 1184 ) (416 -280 1184 ) 
4 225 231 (352 -280 1184 ) (156 -280 1184 ) (156 33 1184 ) (352 33 1184 ) 
4 225 227 (752 -12 1184 ) (752 -152 1184 ) (352 -152 1184 ) (352 -12 1184 ) 
4 225 228 (752 -152 1184 ) (752 -280 1184 ) (352 -280 1184 ) (352 -152 1184 ) 
4 225 226 (156 184 1184 ) (752 184 1184 ) (752 33 1184 ) (156 33 1184 ) 
3 226 249 (156 184 1184 ) (156 184 1096 ) (156 33 1184 ) 
4 226 231 (156 184 1096 ) (352 184 1096 ) (352 33 1184 ) (156 33 1184 ) 
3 227 231 (352 -152 1184 ) (352 -12 1184 ) (352 -152 1106 ) 
4 227 228 (352 -152 1184 ) (352 -152 1106 ) (752 -152 1106 ) (752 -152 1184 ) 
4 228 241 (416 -280 1184 ) (352 -280 1184 ) (352 -280 1026 ) (416 -280 1026 ) 
4 228 235 (752 -280 1026 ) (752 -280 1184 ) (416 -280 1184 ) (416 -280 1026 ) 
4 228 231 (352 -280 1184 ) (352 -152 1184 ) (352 -152 1026 ) (352 -280 1026 ) 
4 228 230 (752 -152 1026 ) (752 -280 1026 ) (352 -280 1026 ) (352 -152 1026 ) 
4 229 230 (752 -152 704 ) (752 -152 1026 ) (636 -152 1026 ) (636 -152 704 ) 
4 230 241 (416 -280 736 ) (416 -280 1026 ) (352 -280 1026 ) (352 -280 736 ) 
4 230 235 (416 -280 704 ) (752 -280 704 ) (752 -280 1026 ) (416 -280 1026 ) 
4 230 232 (352 -152 704 ) (352 -280 704 ) (352 -280 736 ) (352 -152 736 ) 
4 230 231 (352 -280 736 ) (352 -280 1026 ) (352 -152 1026 ) (352 -152 736 ) 
5 231 249 (156 184 1096 ) (156 184 736 ) (156 -280 736 ) (156 -280 1184 ) (156 33 1184 ) 
4 231 241 (352 -280 736 ) (352 -280 1184 ) (156 -280 1184 ) (156 -280 736 ) 
4 231 234 (160 -280 736 ) (156 -280 736 ) (156 184 736 ) (160 184 736 ) 
4 231 232 (352 184 736 ) (352 -280 736 ) (192 -280 736 ) (192 184 736 ) 
4 232 233 (192 184 706 ) (192 184 704 ) (192 -280 704 ) (192 -280 706 ) 
4 233 247 (172 -280 704 ) (160 -280 704 ) (160 184 704 ) (172 184 704 ) 
4 233 234 (160 184 704 ) (160 -280 704 ) (160 -280 706 ) (160 184 706 ) 
4 234 249 (156 184 736 ) (156 184 704 ) (156 -280 704 ) (156 -280 736 ) 
4 234 247 (160 -280 704 ) (156 -280 704 ) (156 184 704 ) (160 184 704 ) 
4 235 241 (416 -280 1184 ) (416 -280 736 ) (416 -624 736 ) (416 -624 1184 ) 
4 235 236 (752 -624 864 ) (752 -624 1184 ) (416 -624 1184 ) (416 -624 864 ) 
4 236 258 (752 -800 864 ) (752 -800 1184 ) (416 -800 1184 ) (416 -800 864 ) 
4 236 241 (416 -800 864 ) (416 -800 1184 ) (416 -624 1184 ) (416 -624 864 ) 
4 237 239 (432 -660 856 ) (432 -660 708 ) (728 -660 708 ) (728 -660 856 ) 
4 238 239 (736 -660 856 ) (736 -660 708 ) (736 -764 708 ) (736 -764 856 ) 
4 239 240 (728 -764 856 ) (432 -764 856 ) (432 -764 708 ) (728 -764 708 ) 
4 241 275 (352 -800 1184 ) (156 -800 1184 ) (156 -800 736 ) (352 -800 736 ) 
4 241 262 (352 -800 832 ) (352 -800 736 ) (416 -800 736 ) (416 -800 832 ) 
4 241 258 (416 -800 1184 ) (352 -800 1184 ) (352 -800 832 ) (416 -800 832 ) 
4 241 249 (156 -800 736 ) (156 -800 1184 ) (156 -280 1184 ) (156 -280 736 ) 
4 241 242 (384 -800 736 ) (156 -800 736 ) (156 -320 736 ) (384 -320 736 ) 
4 242 275 (156 -800 736 ) (156 -800 704 ) (352 -800 704 ) (352 -800 736 ) 
4 242 263 (352 -800 704 ) (384 -800 704 ) (384 -800 736 ) (352 -800 736 ) 
4 242 249 (156 -320 704 ) (156 -800 704 ) (156 -800 736 ) (156 -320 736 ) 
4 242 244 (352 -800 704 ) (172 -800 704 ) (172 -320 704 ) (352 -320 704 ) 
4 242 247 (172 -800 704 ) (156 -800 704 ) (156 -320 704 ) (172 -320 704 ) 
4 243 245 (172 -256 672 ) (172 184 672 ) (320 184 672 ) (320 -256 672 ) 
4 243 246 (352 -288 672 ) (172 -288 672 ) (172 -256 672 ) (352 -256 672 ) 
4 243 244 (172 -288 703 ) (172 -288 672 ) (352 -288 672 ) (352 -288 703 ) 
4 243 247 (172 184 703 ) (172 184 672 ) (172 -288 672 ) (172 -288 703 ) 
4 244 275 (352 -800 704 ) (172 -800 704 ) (172 -800 672 ) (352 -800 672 ) 
4 244 246 (352 -800 672 ) (172 -800 672 ) (172 -288 672 ) (352 -288 672 ) 
4 244 247 (172 -288 672 ) (172 -800 672 ) (172 -800 704 ) (172 -288 704 ) 
4 245 254 (172 184 640 ) (320 184 640 ) (320 -256 640 ) (172 -256 640 ) 
4 245 246 (320 -256 672 ) (172 -256 672 ) (172 -256 640 ) (320 -256 640 ) 
4 245 247 (172 184 672 ) (172 184 640 ) (172 -256 640 ) (172 -256 672 ) 
4 246 275 (172 -800 640 ) (352 -800 640 ) (352 -800 672 ) (172 -800 672 ) 
4 246 264 (352 -800 640 ) (416 -800 640 ) (416 -800 672 ) (352 -800 672 ) 
4 246 254 (320 -800 640 ) (172 -800 640 ) (172 -256 640 ) (320 -256 640 ) 
4 246 251 (416 -256 640 ) (416 -800 640 ) (320 -800 640 ) (320 -256 640 ) 
4 246 247 (172 -256 640 ) (172 -800 640 ) (172 -800 672 ) (172 -256 672 ) 
4 247 275 (156 -800 640 ) (172 -800 640 ) (172 -800 704 ) (156 -800 704 ) 
4 247 254 (156 184 640 ) (172 184 640 ) (172 -800 640 ) (156 -800 640 ) 
4 247 249 (156 184 704 ) (156 184 640 ) (156 -800 640 ) (156 -800 704 ) 
4 248 274 (156 -800 1440 ) (156 -800 1472 ) (-452 -800 1472 ) (-452 -800 1440 ) 
4 248 250 (-452 184 1472 ) (-452 184 1440 ) (-452 -800 1440 ) (-452 -800 1472 ) 
4 249 275 (-452 -800 640 ) (156 -800 640 ) (156 -800 1440 ) (-452 -800 1440 ) 
4 249 254 (-452 184 640 ) (156 184 640 ) (156 -800 640 ) (-452 -800 640 ) 
4 250 276 (-512 -800 640 ) (-452 -800 640 ) (-452 -800 1472 ) (-512 -800 1472 ) 
4 250 255 (-512 184 640 ) (-452 184 640 ) (-452 -800 640 ) (-512 -800 640 ) 
4 251 277 (752 -800 -192 ) (752 -800 640 ) (320 -800 640 ) (320 -800 -192 ) 
4 251 254 (320 -800 -192 ) (320 -800 640 ) (320 -256 640 ) (320 -256 -192 ) 
4 251 252 (752 -256 -192 ) (752 -800 -192 ) (320 -800 -192 ) (320 -256 -192 ) 
4 252 277 (752 -800 -224 ) (752 -800 -192 ) (320 -800 -192 ) (320 -800 -224 ) 
4 252 254 (320 -800 -224 ) (320 -800 -192 ) (320 184 -192 ) (320 184 -224 ) 
4 253 278 (752 -800 -256 ) (752 -800 -224 ) (320 -800 -224 ) (320 -800 -256 ) 
4 253 256 (320 -800 -256 ) (320 -800 -224 ) (320 184 -224 ) (320 184 -256 ) 
4 254 277 (-452 -800 -224 ) (320 -800 -224 ) (320 -800 640 ) (-452 -800 640 ) 
4 255 279 (-512 -800 -224 ) (-452 -800 -224 ) (-452 -800 640 ) (-512 -800 640 ) 
4 255 256 (-452 -800 -224 ) (-512 -800 -224 ) (-512 184 -224 ) (-452 184 -224 ) 
4 256 279 (-452 -800 -224 ) (-512 -800 -224 ) (-512 -800 -256 ) (-452 -800 -256 ) 
4 256 278 (320 -800 -256 ) (320 -800 -224 ) (-452 -800 -224 ) (-452 -800 -256 ) 
4 257 274 (352 -800 1472 ) (352 -800 1440 ) (352 -1376 1440 ) (352 -1376 1472 ) 
4 257 265 (752 -1376 1440 ) (752 -1376 1472 ) (352 -1376 1472 ) (352 -1376 1440 ) 
4 258 275 (352 -800 1440 ) (352 -800 832 ) (352 -1376 832 ) (352 -1376 1440 ) 
4 258 266 (752 -1376 832 ) (752 -1376 1440 ) (352 -1376 1440 ) (352 -1376 832 ) 
4 258 262 (416 -1376 832 ) (352 -1376 832 ) (352 -800 832 ) (416 -800 832 ) 
4 258 261 (612.666642 -1376 832 ) (544 -1376 832 ) (544 -1328.133248 832 ) (620 -1356 832 ) 
5 258 260 (752 -1248 832 ) (752 -1376 832 ) (674.545693 -1376 832 ) (544 -1328.133248 832 ) (544 -1248 832 ) 
4 258 259 (752 -800 832 ) (752 -1248 832 ) (416 -1248 832 ) (416 -800 832 ) 
4 259 262 (416 -1248 832 ) (416 -800 832 ) (416 -800 736 ) (416 -1248 736 ) 
4 259 260 (544 -1248 704 ) (752 -1248 704 ) (752 -1248 832 ) (544 -1248 832 ) 
4 260 269 (752 -1376 704 ) (752 -1376 832 ) (674.545693 -1376 832 ) (674.545693 -1376 704 ) 
4 260 261 (544 -1328.133274 704 ) (620 -1356 704 ) (620 -1356 832 ) (544 -1328.133274 832 ) 
4 261 268 (612.666642 -1376 832 ) (544 -1376 832 ) (544 -1376 704 ) (612.666642 -1376 704 ) 
4 262 275 (352 -800 832 ) (352 -800 736 ) (352 -1376 736 ) (352 -1376 832 ) 
4 262 271 (416 -1376 736 ) (416 -1376 832 ) (352 -1376 832 ) (352 -1376 736 ) 
4 262 263 (384 -1376 736 ) (352 -1376 736 ) (352 -800 736 ) (384 -800 736 ) 
4 263 275 (352 -800 736 ) (352 -800 704 ) (352 -1376 704 ) (352 -1376 736 ) 
4 263 272 (384 -1376 736 ) (352 -1376 736 ) (352 -1376 704 ) (384 -1376 704 ) 
4 264 277 (352 -1376 640 ) (352 -800 640 ) (416 -800 640 ) (416 -1376 640 ) 
4 264 275 (352 -800 672 ) (352 -800 640 ) (352 -1376 640 ) (352 -1376 672 ) 
4 264 273 (352 -1376 640 ) (416 -1376 640 ) (416 -1376 672 ) (352 -1376 672 ) 
4 265 330 (672 -2012 1472 ) (352 -2012 1472 ) (352 -2012 1440 ) (672 -2012 1440 ) 
4 265 292 (752 -2012 1440 ) (752 -2012 1472 ) (672 -2012 1472 ) (672 -2012 1440 ) 
4 265 274 (352 -2012 1440 ) (352 -2012 1472 ) (352 -1376 1472 ) (352 -1376 1440 ) 
4 266 331 (672 -2012 1440 ) (352 -2012 1440 ) (352 -2012 832 ) (672 -2012 832 ) 
4 266 293 (752 -2012 832 ) (752 -2012 1440 ) (672 -2012 1440 ) (672 -2012 832 ) 
4 266 275 (352 -2012 832 ) (352 -2012 1440 ) (352 -1376 1440 ) (352 -1376 832 ) 
4 266 271 (352 -2012 832 ) (352 -1376 832 ) (416 -1376 832 ) (416 -2012 832 ) 
4 266 270 (740 -1400 832 ) (752 -1404.399912 832 ) (752 -1540.533259 832 ) (696 -1520 832 ) 
3 266 269 (674.545693 -1376 832 ) (752 -1376 832 ) (752 -1404.399912 832 ) 
4 266 268 (416 -1376 832 ) (612.666642 -1376 832 ) (576 -1476 832 ) (416 -1417.333263 832 ) 
4 266 267 (752 -1540.533259 832 ) (752 -2012 832 ) (416 -2012 832 ) (416 -1417.333263 832 ) 
4 267 334 (416 -2012 736 ) (416 -2012 704 ) (432 -2012 704 ) (432 -2012 736 ) 
4 267 333 (432 -2012 832 ) (416 -2012 832 ) (416 -2012 736 ) (432 -2012 736 ) 
4 267 332 (672 -2012 832 ) (432 -2012 832 ) (432 -2012 704 ) (672 -2012 704 ) 
4 267 299 (752 -2012 704 ) (752 -2012 784 ) (672 -2012 784 ) (672 -2012 704 ) 
4 267 293 (752 -2012 784 ) (752 -2012 832 ) (672 -2012 832 ) (672 -2012 784 ) 
4 267 271 (416 -2012 736 ) (416 -2012 832 ) (416 -1417.333263 832 ) (416 -1417.333263 736 ) 
4 267 270 (696 -1520 832 ) (752 -1540.533289 832 ) (752 -1540.533289 704 ) (696 -1520 704 ) 
4 267 268 (416 -1417.333293 704 ) (416 -1417.333293 832 ) (576 -1476 832 ) (576 -1476 704 ) 
4 268 271 (416 -1417.333263 832 ) (416 -1376 832 ) (416 -1376 736 ) (416 -1417.333263 736 ) 
4 269 270 (752 -1404.399938 704 ) (752 -1404.399938 832 ) (740 -1400 832 ) (740 -1400 704 ) 
4 271 333 (416 -2012 736 ) (416 -2012 832 ) (384 -2012 832 ) (384 -2012 736 ) 
4 271 335 (384 -2012 832 ) (352 -2012 832 ) (352 -2012 736 ) (384 -2012 736 ) 
4 271 275 (352 -2012 736 ) (352 -2012 832 ) (352 -1376 832 ) (352 -1376 736 ) 
4 271 272 (384 -2012 736 ) (352 -2012 736 ) (352 -1376 736 ) (384 -1376 736 ) 
4 272 335 (384 -2012 736 ) (352 -2012 736 ) (352 -2012 704 ) (384 -2012 704 ) 
4 272 275 (352 -2012 704 ) (352 -2012 736 ) (352 -1376 736 ) (352 -1376 704 ) 
4 273 340 (352 -2012 640 ) (416 -2012 640 ) (416 -2012 672 ) (352 -2012 672 ) 
4 273 277 (416 -2012 640 ) (352 -2012 640 ) (352 -1376 640 ) (416 -1376 640 ) 
4 273 275 (352 -2012 640 ) (352 -2012 672 ) (352 -1376 672 ) (352 -1376 640 ) 
4 274 343 (240 -2012 1472 ) (-452 -2012 1472 ) (-452 -2012 1440 ) (240 -2012 1440 ) 
4 274 330 (352 -2012 1440 ) (352 -2012 1472 ) (240 -2012 1472 ) (240 -2012 1440 ) 
4 274 276 (-452 -800 1472 ) (-452 -800 1440 ) (-452 -2012 1440 ) (-452 -2012 1472 ) 
4 275 344 (-452 -2012 640 ) (240 -2012 640 ) (240 -2012 1440 ) (-452 -2012 1440 ) 
4 275 341 (240 -2012 640 ) (352 -2012 640 ) (352 -2012 704 ) (240 -2012 704 ) 
4 275 335 (352 -2012 704 ) (352 -2012 832 ) (240 -2012 832 ) (240 -2012 704 ) 
4 275 331 (352 -2012 832 ) (352 -2012 1440 ) (240 -2012 1440 ) (240 -2012 832 ) 
4 275 277 (352 -2012 640 ) (-452 -2012 640 ) (-452 -800 640 ) (352 -800 640 ) 
4 276 345 (-512 -2012 640 ) (-452 -2012 640 ) (-452 -2012 1440 ) (-512 -2012 1440 ) 
4 276 343 (-452 -2012 1440 ) (-452 -2012 1472 ) (-512 -2012 1472 ) (-512 -2012 1440 ) 
4 276 279 (-452 -2012 640 ) (-512 -2012 640 ) (-512 -800 640 ) (-452 -800 640 ) 
4 277 363 (672 -2012 640 ) (-452 -2012 640 ) (-452 -2012 -224 ) (672 -2012 -224 ) 
4 277 309 (752 -2012 -224 ) (752 -2012 640 ) (672 -2012 640 ) (672 -2012 -224 ) 
4 278 364 (672 -2012 -224 ) (-452 -2012 -224 ) (-452 -2012 -256 ) (672 -2012 -256 ) 
4 278 310 (752 -2012 -256 ) (752 -2012 -224 ) (672 -2012 -224 ) (672 -2012 -256 ) 
4 278 279 (-452 -2012 -256 ) (-452 -2012 -224 ) (-452 -800 -224 ) (-452 -800 -256 ) 
4 279 366 (-512 -2012 -256 ) (-452 -2012 -256 ) (-452 -2012 -224 ) (-512 -2012 -224 ) 
4 279 365 (-452 -2012 -224 ) (-452 -2012 640 ) (-512 -2012 640 ) (-512 -2012 -224 ) 
4 280 306 (1264 -2144 1472 ) (1264 -2144 1440 ) (1984 -2144 1440 ) (1984 -2144 1472 ) 
4 280 300 (1984 -2144 1440 ) (2112 -2144 1440 ) (2112 -2144 1472 ) (1984 -2144 1472 ) 
4 280 292 (1264 -2012 1472 ) (1264 -2012 1440 ) (1264 -2144 1440 ) (1264 -2144 1472 ) 
4 280 282 (2072 -2144 1440 ) (2052 -2144 1440 ) (2052 -2012 1440 ) (2072 -2012 1440 ) 
4 280 281 (2112 -2012 1440 ) (2112 -2144 1440 ) (2072 -2144 1440 ) (2072 -2012 1440 ) 
4 281 303 (2072 -2144 704 ) (2112 -2144 704 ) (2112 -2144 1216 ) (2072 -2144 1216 ) 
4 281 301 (2112 -2144 1216 ) (2112 -2144 1440 ) (2072 -2144 1440 ) (2072 -2144 1216 ) 
4 281 290 (2072 -2048 704 ) (2072 -2012 704 ) (2112 -2012 704 ) (2112 -2048 704 ) 
4 281 283 (2072 -2080 704 ) (2072 -2144 704 ) (2072 -2144 768 ) (2072 -2080 768 ) 
4 281 282 (2072 -2144 768 ) (2072 -2144 1440 ) (2072 -2012 1440 ) (2072 -2012 768 ) 
4 282 303 (2072 -2144 768 ) (2072 -2144 1216 ) (2052 -2144 1216 ) (2052 -2144 768 ) 
4 282 301 (2072 -2144 1216 ) (2072 -2144 1440 ) (2052 -2144 1440 ) (2052 -2144 1216 ) 
4 282 283 (2072 -2144 768 ) (2052 -2144 768 ) (2052 -2080 768 ) (2072 -2080 768 ) 
4 283 303 (2052 -2144 704 ) (2072 -2144 704 ) (2072 -2144 768 ) (2052 -2144 768 ) 
4 284 288 (1984 -2012 1440 ) (1984 -2012 768 ) (1984 -2048 768 ) (1984 -2048 1440 ) 
4 284 286 (2048 -2048 768 ) (2052 -2048 768 ) (2052 -2048 1024 ) (2048 -2048 1024 ) 
4 284 285 (1984 -2048 1440 ) (1984 -2048 1024 ) (2052 -2048 1024 ) (2052 -2048 1440 ) 
4 285 305 (2048 -2144 1216 ) (1984 -2144 1216 ) (1984 -2144 1048 ) (2048 -2144 1048 ) 
4 285 304 (2052 -2144 1048 ) (2052 -2144 1216 ) (2048 -2144 1216 ) (2048 -2144 1048 ) 
4 285 302 (2052 -2144 1216 ) (2052 -2144 1440 ) (1984 -2144 1440 ) (1984 -2144 1216 ) 
4 285 288 (1984 -2144 1048 ) (1984 -2144 1440 ) (1984 -2048 1440 ) (1984 -2048 1024 ) 
4 285 287 (2052 -2080 1032 ) (2052 -2144 1048 ) (2048 -2144 1048 ) (2048 -2080 1032 ) 
4 285 286 (2048 -2048 1024 ) (2052 -2048 1024 ) (2052 -2080 1032 ) (2048 -2080 1032 ) 
4 286 287 (2048 -2080 768 ) (2052 -2080 768 ) (2052 -2080 1032 ) (2048 -2080 1032 ) 
4 287 304 (2048 -2144 704 ) (2052 -2144 704 ) (2052 -2144 1048 ) (2048 -2144 1048 ) 
4 288 307 (1264 -2144 1440 ) (1264 -2144 768 ) (1984 -2144 768 ) (1984 -2144 1440 ) 
4 288 294 (1264 -2012 784 ) (1264 -2012 768 ) (1264 -2048 768 ) (1264 -2048 784 ) 
4 288 293 (1264 -2012 1440 ) (1264 -2012 784 ) (1264 -2144 784 ) (1264 -2144 1440 ) 
4 288 289 (1984 -2080 768 ) (1984 -2144 768 ) (1264 -2144 768 ) (1264 -2080 768 ) 
4 289 307 (1264 -2144 768 ) (1264 -2144 704 ) (1984 -2144 704 ) (1984 -2144 768 ) 
4 290 308 (2052 -2012 640 ) (2112 -2012 640 ) (2112 -2048 640 ) (2052 -2048 640 ) 
4 291 309 (1264 -2012 640 ) (2052 -2012 640 ) (2052 -2048 640 ) (1264 -2048 640 ) 
4 291 297 (1264 -2012 704 ) (1264 -2012 640 ) (1264 -2048 640 ) (1264 -2048 704 ) 
4 292 330 (672 -2012 1472 ) (672 -2012 1440 ) (672 -2144 1440 ) (672 -2144 1472 ) 
4 292 306 (672 -2144 1472 ) (672 -2144 1440 ) (1264 -2144 1440 ) (1264 -2144 1472 ) 
4 293 332 (672 -2012 832 ) (672 -2012 784 ) (672 -2144 784 ) (672 -2144 832 ) 
4 293 331 (672 -2012 1440 ) (672 -2012 832 ) (672 -2144 832 ) (672 -2144 1440 ) 
4 293 307 (672 -2144 1440 ) (672 -2144 784 ) (1264 -2144 784 ) (1264 -2144 1440 ) 
4 293 298 (1168 -2048 784 ) (1168 -2012 784 ) (1184 -2012 784 ) (1184 -2048 784 ) 
4 293 299 (1168 -2144 784 ) (672 -2144 784 ) (672 -2012 784 ) (1168 -2012 784 ) 
4 293 296 (1216 -2048 784 ) (1184 -2048 784 ) (1184 -2012 784 ) (1216 -2012 784 ) 
4 293 294 (1264 -2012 784 ) (1264 -2048 784 ) (1216 -2048 784 ) (1216 -2012 784 ) 
4 294 296 (1216 -2012 784 ) (1216 -2012 768 ) (1216 -2048 768 ) (1216 -2048 784 ) 
4 294 295 (1248 -2048 768 ) (1216 -2048 768 ) (1216 -2012 768 ) (1248 -2012 768 ) 
4 295 296 (1216 -2012 768 ) (1216 -2012 736 ) (1216 -2048 736 ) (1216 -2048 768 ) 
4 296 298 (1184 -2048 784 ) (1184 -2012 784 ) (1184 -2012 736 ) (1184 -2048 736 ) 
4 297 309 (1248 -2012 640 ) (1264 -2012 640 ) (1264 -2048 640 ) (1248 -2048 640 ) 
4 298 299 (1168 -2048 784 ) (1168 -2012 784 ) (1168 -2012 704 ) (1168 -2048 704 ) 
4 299 332 (672 -2012 784 ) (672 -2012 704 ) (672 -2144 704 ) (672 -2144 784 ) 
4 299 307 (672 -2144 784 ) (672 -2144 704 ) (1168 -2144 704 ) (1168 -2144 784 ) 
4 300 313 (1984 -3936 1472 ) (1984 -3936 1440 ) (2052 -3936 1440 ) (2052 -3936 1472 ) 
4 300 312 (2052 -3936 1440 ) (2112 -3936 1440 ) (2112 -3936 1472 ) (2052 -3936 1472 ) 
4 300 306 (1984 -2144 1472 ) (1984 -2144 1440 ) (1984 -3936 1440 ) (1984 -3936 1472 ) 
4 300 301 (2052 -2144 1440 ) (2112 -2144 1440 ) (2112 -3936 1440 ) (2052 -3936 1440 ) 
4 301 312 (2112 -3936 1440 ) (2052 -3936 1440 ) (2052 -3936 1216 ) (2112 -3936 1216 ) 
4 301 303 (2112 -3936 1216 ) (2052 -3936 1216 ) (2052 -2144 1216 ) (2112 -2144 1216 ) 
4 302 314 (2052 -3936 1440 ) (1984 -3936 1440 ) (1984 -3936 1216 ) (2052 -3936 1216 ) 
4 302 307 (1984 -2144 1440 ) (1984 -2144 1216 ) (1984 -3936 1216 ) (1984 -3936 1440 ) 
4 302 305 (1984 -2816 1216 ) (1984 -2144 1216 ) (2048 -2144 1216 ) (2048 -2816 1216 ) 
4 302 304 (2052 -3936 1216 ) (2048 -3936 1216 ) (2048 -2144 1216 ) (2052 -2144 1216 ) 
4 303 312 (2112 -3936 1216 ) (2052 -3936 1216 ) (2052 -3936 704 ) (2112 -3936 704 ) 
4 304 316 (2052 -3936 1216 ) (2048 -3936 1216 ) (2048 -3936 704 ) (2052 -3936 704 ) 
3 304 305 (2048 -2816 1216 ) (2048 -2144 1216 ) (2048 -2144 1048 ) 
3 305 307 (1984 -2144 1216 ) (1984 -2144 1048 ) (1984 -2816 1216 ) 
4 306 367 (672 -3936 1440 ) (672 -3936 1472 ) (672 -2272 1472 ) (672 -2272 1440 ) 
4 306 330 (672 -2272 1472 ) (672 -2144 1472 ) (672 -2144 1440 ) (672 -2272 1440 ) 
4 306 323 (672 -3936 1472 ) (672 -3936 1440 ) (928 -3936 1440 ) (928 -3936 1472 ) 
4 306 318 (928 -3936 1440 ) (1984 -3936 1440 ) (1984 -3936 1472 ) (928 -3936 1472 ) 
4 307 376 (672 -2526 736 ) (672 -2461.937573 736 ) (672 -2461.937573 704 ) (672 -2526 704 ) 
4 307 374 (672 -2461.937573 736 ) (672 -2272 736 ) (672 -2272 704 ) (672 -2461.937573 704 ) 
4 307 373 (672 -3936 704 ) (672 -3936 736 ) (672 -2526 736 ) (672 -2526 704 ) 
4 307 371 (672 -2696.799890 768 ) (672 -2272 768 ) (672 -2272 736 ) (672 -2696.799890 736 ) 
4 307 370 (672 -3936 736 ) (672 -3936 768 ) (672 -2696.799890 768 ) (672 -2696.799890 736 ) 
4 307 368 (672 -3936 768 ) (672 -3936 1440 ) (672 -2272 1440 ) (672 -2272 768 ) 
4 307 342 (672 -2144 832 ) (672 -2144 704 ) (672 -2272 704 ) (672 -2272 832 ) 
4 307 331 (672 -2272 1440 ) (672 -2144 1440 ) (672 -2144 832 ) (672 -2272 832 ) 
4 307 326 (672 -3936 1024 ) (672 -3936 704 ) (928 -3936 704 ) (928 -3936 1024 ) 
4 307 324 (672 -3936 1440 ) (672 -3936 1216 ) (928 -3936 1216 ) (928 -3936 1440 ) 
4 307 319 (1984 -3936 1216 ) (1984 -3936 1440 ) (928 -3936 1440 ) (928 -3936 1216 ) 
4 308 311 (2052 -2048 -224 ) (2052 -2048 -256 ) (2112 -2048 -256 ) (2112 -2048 -224 ) 
4 308 310 (2052 -2012 -224 ) (2052 -2012 -256 ) (2052 -2048 -256 ) (2052 -2048 -224 ) 
4 309 363 (672 -2012 640 ) (672 -2012 -224 ) (672 -2048 -224 ) (672 -2048 640 ) 
4 310 364 (672 -2012 -224 ) (672 -2012 -256 ) (672 -2048 -256 ) (672 -2048 -224 ) 
4 310 311 (2052 -2048 -256 ) (2052 -2048 -224 ) (672 -2048 -224 ) (672 -2048 -256 ) 
4 311 395 (672 -3936 -256 ) (672 -3936 -224 ) (672 -2272 -224 ) (672 -2272 -256 ) 
4 311 364 (672 -2272 -224 ) (672 -2048 -224 ) (672 -2048 -256 ) (672 -2272 -256 ) 
4 311 329 (2112 -3936 -256 ) (2112 -3936 -224 ) (672 -3936 -224 ) (672 -3936 -256 ) 
4 312 317 (2052 -4053 704 ) (2052 -4096 704 ) (2052 -4096 1216 ) (2052 -4053 1216 ) 
4 312 315 (2052 -4053 1216 ) (2052 -4096 1216 ) (2052 -4096 1440 ) (2052 -4053 1440 ) 
4 312 313 (2052 -4096 1472 ) (2052 -3936 1472 ) (2052 -3936 1440 ) (2052 -4096 1440 ) 
4 313 318 (1984 -3936 1472 ) (1984 -3936 1440 ) (1984 -4096 1440 ) (1984 -4096 1472 ) 
4 313 315 (2052 -4053 1440 ) (2052 -4096 1440 ) (1984 -4096 1440 ) (1984 -4053 1440 ) 
4 314 319 (1984 -3936 1440 ) (1984 -3936 1216 ) (1984 -4053 1216 ) (1984 -4053 1440 ) 
4 314 316 (2048 -3936 1216 ) (2052 -3936 1216 ) (2052 -4053 1216 ) (2048 -4053 1216 ) 
4 315 320 (1984 -4053 1216 ) (1984 -4096 1216 ) (1984 -4096 1440 ) (1984 -4053 1440 ) 
4 315 317 (2052 -4096 1216 ) (2048 -4096 1216 ) (2048 -4053 1216 ) (2052 -4053 1216 ) 
4 318 328 (928 -4053 1440 ) (928 -4096 1440 ) (928 -4096 1472 ) (928 -4053 1472 ) 
4 318 323 (928 -3936 1472 ) (928 -3936 1440 ) (928 -4053 1440 ) (928 -4053 1472 ) 
4 318 320 (928 -4096 1440 ) (928 -4053 1440 ) (1984 -4053 1440 ) (1984 -4096 1440 ) 
4 319 324 (928 -4053 1440 ) (928 -3936 1440 ) (928 -3936 1216 ) (928 -4053 1216 ) 
4 319 321 (1984 -4032 1216 ) (1984 -4053 1216 ) (928 -4053 1216 ) (928 -4032 1216 ) 
4 320 328 (928 -4096 1440 ) (928 -4053 1440 ) (928 -4053 1216 ) (928 -4096 1216 ) 
4 320 322 (1984 -4053 1216 ) (1984 -4096 1216 ) (928 -4096 1216 ) (928 -4053 1216 ) 
4 321 327 (928 -4032 1024 ) (928 -4032 704 ) (928 -4053 704 ) (928 -4053 1024 ) 
4 321 325 (928 -4053 1216 ) (928 -4032 1216 ) (928 -4032 1024 ) (928 -4053 1024 ) 
4 322 328 (928 -4096 1216 ) (928 -4053 1216 ) (928 -4053 704 ) (928 -4096 704 ) 
4 323 384 (672 -4053 1472 ) (672 -3936 1472 ) (672 -3936 1440 ) (672 -4053 1440 ) 
4 323 328 (672 -4053 1472 ) (672 -4053 1440 ) (928 -4053 1440 ) (928 -4053 1472 ) 
4 324 385 (672 -3936 1440 ) (672 -3936 1216 ) (672 -4053 1216 ) (672 -4053 1440 ) 
4 324 325 (928 -4053 1216 ) (672 -4053 1216 ) (672 -4032 1216 ) (928 -4032 1216 ) 
4 325 387 (672 -4032 1024 ) (672 -4053 1024 ) (672 -4053 1216 ) (672 -4032 1216 ) 
4 325 327 (928 -4032 1024 ) (928 -4053 1024 ) (672 -4053 1024 ) (672 -4032 1024 ) 
4 327 387 (672 -4032 704 ) (672 -4053 704 ) (672 -4053 1024 ) (672 -4032 1024 ) 
4 328 388 (672 -4053 1216 ) (672 -4053 704 ) (672 -4096 704 ) (672 -4096 1216 ) 
4 328 386 (672 -4053 1440 ) (672 -4053 1216 ) (672 -4096 1216 ) (672 -4096 1440 ) 
4 328 384 (672 -4096 1472 ) (672 -4053 1472 ) (672 -4053 1440 ) (672 -4096 1440 ) 
4 329 395 (672 -4096 -256 ) (672 -4096 -224 ) (672 -3936 -224 ) (672 -3936 -256 ) 
4 330 367 (672 -2272 1440 ) (672 -2272 1472 ) (240 -2272 1472 ) (240 -2272 1440 ) 
4 330 343 (240 -2272 1440 ) (240 -2272 1472 ) (240 -2012 1472 ) (240 -2012 1440 ) 
4 331 368 (672 -2272 832 ) (672 -2272 1440 ) (240 -2272 1440 ) (240 -2272 832 ) 
4 331 346 (240 -2272 832 ) (240 -2272 1440 ) (240 -2048 1440 ) (240 -2048 832 ) 
4 331 344 (240 -2048 1440 ) (240 -2012 1440 ) (240 -2012 832 ) (240 -2048 832 ) 
4 331 342 (672 -2144 832 ) (672 -2272 832 ) (368 -2272 832 ) (368 -2144 832 ) 
4 331 337 (336 -2144 832 ) (240 -2144 832 ) (240 -2048 832 ) (336 -2048 832 ) 
4 331 336 (432 -2048 832 ) (432 -2144 832 ) (336 -2144 832 ) (336 -2048 832 ) 
4 331 333 (384 -2012 832 ) (432 -2012 832 ) (432 -2048 832 ) (384 -2048 832 ) 
4 331 335 (240 -2012 832 ) (384 -2012 832 ) (384 -2048 832 ) (240 -2048 832 ) 
4 331 332 (432 -2012 832 ) (672 -2012 832 ) (672 -2144 832 ) (432 -2144 832 ) 
4 332 342 (672 -2144 704 ) (672 -2144 832 ) (432 -2144 832 ) (432 -2144 704 ) 
4 332 336 (432 -2144 784 ) (432 -2144 832 ) (432 -2048 832 ) (432 -2048 784 ) 
4 332 334 (432 -2012 736 ) (432 -2012 704 ) (432 -2048 704 ) (432 -2048 736 ) 
4 332 333 (432 -2048 832 ) (432 -2012 832 ) (432 -2012 736 ) (432 -2048 736 ) 
4 333 336 (432 -2048 784 ) (432 -2048 832 ) (384 -2048 832 ) (384 -2048 784 ) 
4 333 334 (432 -2048 736 ) (416 -2048 736 ) (416 -2012 736 ) (432 -2012 736 ) 
4 333 335 (384 -2048 832 ) (384 -2012 832 ) (384 -2012 736 ) (384 -2048 736 ) 
4 335 344 (240 -2048 832 ) (240 -2012 832 ) (240 -2012 704 ) (240 -2048 704 ) 
4 335 341 (240 -2048 704 ) (240 -2012 704 ) (352 -2012 704 ) (352 -2048 704 ) 
4 335 338 (240 -2048 708 ) (240 -2048 704 ) (336 -2048 704 ) (336 -2048 708 ) 
4 335 337 (240 -2048 832 ) (240 -2048 772 ) (336 -2048 772 ) (336 -2048 832 ) 
4 335 336 (384 -2048 784 ) (384 -2048 832 ) (336 -2048 832 ) (336 -2048 784 ) 
4 336 342 (432 -2144 832 ) (368 -2144 832 ) (368 -2144 784 ) (432 -2144 784 ) 
4 336 337 (336 -2048 832 ) (336 -2048 784 ) (336 -2144 784 ) (336 -2144 832 ) 
4 337 346 (240 -2144 832 ) (240 -2048 832 ) (240 -2048 772 ) (240 -2144 772 ) 
4 337 339 (336 -2080 772 ) (336 -2144 772 ) (240 -2144 772 ) (240 -2080 772 ) 
4 338 347 (240 -2048 708 ) (240 -2048 704 ) (240 -2080 704 ) (240 -2080 708 ) 
4 338 339 (240 -2080 708 ) (240 -2080 704 ) (336 -2080 704 ) (336 -2080 708 ) 
4 339 353 (240 -2080 704 ) (240 -2144 704 ) (240 -2144 736 ) (240 -2080 736 ) 
4 339 349 (240 -2144 736 ) (240 -2144 768 ) (240 -2080 768 ) (240 -2080 736 ) 
4 339 348 (240 -2144 768 ) (240 -2144 772 ) (240 -2080 772 ) (240 -2080 768 ) 
4 340 363 (352 -2012 640 ) (416 -2012 640 ) (416 -2048 640 ) (352 -2048 640 ) 
4 340 341 (352 -2012 672 ) (352 -2012 640 ) (352 -2048 640 ) (352 -2048 672 ) 
4 341 363 (240 -2012 640 ) (352 -2012 640 ) (352 -2048 640 ) (240 -2048 640 ) 
4 341 344 (240 -2012 704 ) (240 -2012 640 ) (240 -2048 640 ) (240 -2048 704 ) 
4 342 374 (672 -2272 704 ) (672 -2272 736 ) (368 -2272 736 ) (368 -2272 704 ) 
4 342 371 (672 -2272 736 ) (672 -2272 768 ) (368 -2272 768 ) (368 -2272 736 ) 
4 342 368 (672 -2272 768 ) (672 -2272 832 ) (368 -2272 832 ) (368 -2272 768 ) 
4 343 378 (-384 -2272 1472 ) (-512 -2272 1472 ) (-512 -2272 1440 ) (-384 -2272 1440 ) 
4 343 367 (240 -2272 1440 ) (240 -2272 1472 ) (-384 -2272 1472 ) (-384 -2272 1440 ) 
4 343 362 (-452 -2272 1440 ) (-512 -2272 1440 ) (-512 -2080 1440 ) (-452 -2080 1440 ) 
4 343 357 (-512 -2080 1440 ) (-512 -2048 1440 ) (-452 -2048 1440 ) (-452 -2080 1440 ) 
4 343 345 (-452 -2048 1440 ) (-512 -2048 1440 ) (-512 -2012 1440 ) (-452 -2012 1440 ) 
4 344 363 (-452 -2012 640 ) (240 -2012 640 ) (240 -2048 640 ) (-452 -2048 640 ) 
4 344 359 (-452 -2048 708 ) (-452 -2048 704 ) (-448 -2048 704 ) (-448 -2048 708 ) 
4 344 356 (-448 -2048 1440 ) (-452 -2048 1440 ) (-452 -2048 772 ) (-448 -2048 772 ) 
4 344 355 (-384 -2048 1440 ) (-448 -2048 1440 ) (-448 -2048 1088 ) (-384 -2048 1088 ) 
4 344 347 (240 -2048 704 ) (240 -2048 708 ) (-384 -2048 708 ) (-384 -2048 704 ) 
4 344 346 (240 -2048 772 ) (240 -2048 1440 ) (-384 -2048 1440 ) (-384 -2048 772 ) 
4 345 365 (-512 -2012 640 ) (-452 -2012 640 ) (-452 -2048 640 ) (-512 -2048 640 ) 
4 345 360 (-512 -2048 708 ) (-512 -2048 704 ) (-452 -2048 704 ) (-452 -2048 708 ) 
4 345 358 (-512 -2048 772 ) (-512 -2048 708 ) (-456 -2048 708 ) (-456 -2048 772 ) 
4 345 357 (-512 -2048 1440 ) (-512 -2048 772 ) (-452 -2048 772 ) (-452 -2048 1440 ) 
4 346 368 (240 -2272 772 ) (240 -2272 1440 ) (-384 -2272 1440 ) (-384 -2272 772 ) 
4 346 355 (-384 -2272 1125.333301 ) (-384 -2272 1440 ) (-384 -2048 1440 ) (-384 -2048 1088 ) 
4 346 348 (240 -2080 772 ) (240 -2272 772 ) (-384 -2272 772 ) (-384 -2080 772 ) 
4 347 353 (-244.599988 -2080 704 ) (240 -2080 704 ) (240 -2080 708 ) (-244.599988 -2080 708 ) 
4 347 352 (-384 -2080 708 ) (-384 -2080 704 ) (-244.599988 -2080 704 ) (-244.599988 -2080 708 ) 
4 348 368 (240 -2272 768 ) (240 -2272 772 ) (-384 -2272 772 ) (-384 -2272 768 ) 
3 348 351 (-212.454236 -2272 768 ) (-274.666733 -2272 768 ) (-267 -2252 768 ) 
4 348 350 (-309.084764 -2272 768 ) (-384 -2272 768 ) (-384 -2209.099889 768 ) (-297 -2241 768 ) 
5 348 349 (240 -2080 768 ) (240 -2272 768 ) (-212.454236 -2272 768 ) (-384 -2209.099889 768 ) (-384 -2080 768 ) 
4 349 371 (240 -2272 736 ) (240 -2272 768 ) (-212.454236 -2272 768 ) (-212.454236 -2272 736 ) 
3 349 354 (-267 -2252 736 ) (-277.116242 -2248.290599 736 ) (-277 -2248 736 ) 
6 349 353 (-244.599988 -2080 736 ) (240 -2080 736 ) (240 -2272 736 ) (-212.454236 -2272 736 ) (-267 -2252 736 ) (-307 -2236 736 ) 
4 349 352 (-384 -2080 736 ) (-244.599988 -2080 736 ) (-307.465066 -2237.162697 736 ) (-384 -2209.099889 736 ) 
4 349 351 (-267 -2252 736 ) (-212.454388 -2272 736 ) (-212.454388 -2272 768 ) (-267 -2252 768 ) 
4 349 350 (-384 -2209.099944 768 ) (-384 -2209.099944 736 ) (-297 -2241 736 ) (-297 -2241 768 ) 
4 350 369 (-309.084764 -2272 768 ) (-384 -2272 768 ) (-384 -2272 736 ) (-309.084764 -2272 736 ) 
4 350 352 (-321.399987 -2272 736 ) (-384 -2272 736 ) (-384 -2209.099889 736 ) (-307.465066 -2237.162697 736 ) 
4 351 371 (-212.454236 -2272 768 ) (-274.666733 -2272 768 ) (-274.666733 -2272 736 ) (-212.454236 -2272 736 ) 
3 351 354 (-217 -2272 736 ) (-274.666733 -2272 736 ) (-267 -2252 736 ) 
3 351 353 (-212.454236 -2272 736 ) (-217 -2272 736 ) (-267 -2252 736 ) 
4 352 372 (-321.399987 -2272 736 ) (-384 -2272 736 ) (-384 -2272 704 ) (-321.399987 -2272 704 ) 
4 352 353 (-244.599990 -2080 736 ) (-307 -2236 736 ) (-307 -2236 704 ) (-244.599990 -2080 704 ) 
4 353 374 (240 -2272 704 ) (240 -2272 736 ) (-217 -2272 736 ) (-217 -2272 704 ) 
4 353 354 (-277 -2248 704 ) (-217 -2272 704 ) (-217 -2272 736 ) (-277 -2248 736 ) 
4 354 374 (-217 -2272 736 ) (-286.600003 -2272 736 ) (-286.600003 -2272 704 ) (-217 -2272 704 ) 
4 355 381 (-448 -2272 1216 ) (-448 -2272 1125.333301 ) (-384 -2272 1125.333301 ) (-384 -2272 1216 ) 
4 355 379 (-384 -2272 1440 ) (-448 -2272 1440 ) (-448 -2272 1216 ) (-384 -2272 1216 ) 
4 355 361 (-448 -2080 1093.333302 ) (-448 -2272 1125.333301 ) (-448 -2272 1440 ) (-448 -2080 1440 ) 
4 355 356 (-448 -2048 1440 ) (-448 -2048 1088 ) (-448 -2080 1093.333302 ) (-448 -2080 1440 ) 
4 356 361 (-452 -2080 772 ) (-448 -2080 772 ) (-448 -2080 1440 ) (-452 -2080 1440 ) 
4 357 362 (-512 -2080 1440 ) (-512 -2080 772 ) (-452 -2080 772 ) (-452 -2080 1440 ) 
4 357 358 (-512 -2080 772 ) (-512 -2048 772 ) (-456 -2048 772 ) (-456 -2080 772 ) 
4 358 362 (-512 -2080 772 ) (-512 -2080 708 ) (-456 -2080 708 ) (-456 -2080 772 ) 
4 358 360 (-456 -2080 708 ) (-512 -2080 708 ) (-512 -2048 708 ) (-456 -2048 708 ) 
4 359 361 (-452 -2080 704 ) (-448 -2080 704 ) (-448 -2080 708 ) (-452 -2080 708 ) 
4 360 362 (-512 -2080 708 ) (-512 -2080 704 ) (-452 -2080 704 ) (-452 -2080 708 ) 
4 361 382 (-452 -2272 1216 ) (-452 -2272 704 ) (-448 -2272 704 ) (-448 -2272 1216 ) 
4 361 379 (-448 -2272 1440 ) (-452 -2272 1440 ) (-452 -2272 1216 ) (-448 -2272 1216 ) 
4 362 383 (-512 -2272 1216 ) (-512 -2272 704 ) (-452 -2272 704 ) (-452 -2272 1216 ) 
4 362 380 (-452 -2272 1440 ) (-512 -2272 1440 ) (-512 -2272 1216 ) (-452 -2272 1216 ) 
4 364 395 (672 -2272 -256 ) (672 -2272 -224 ) (-452 -2272 -224 ) (-452 -2272 -256 ) 
4 364 366 (-452 -2272 -256 ) (-452 -2272 -224 ) (-452 -2012 -224 ) (-452 -2012 -256 ) 
4 365 366 (-452 -2012 -224 ) (-452 -2048 -224 ) (-512 -2048 -224 ) (-512 -2012 -224 ) 
4 366 395 (-452 -2272 -256 ) (-452 -2272 -224 ) (-512 -2272 -224 ) (-512 -2272 -256 ) 
4 367 384 (672 -3936 1440 ) (672 -3936 1472 ) (-384 -3936 1472 ) (-384 -3936 1440 ) 
4 367 378 (-384 -2272 1472 ) (-384 -2272 1440 ) (-384 -3936 1440 ) (-384 -3936 1472 ) 
4 368 385 (672 -3936 1216 ) (672 -3936 1440 ) (-384 -3936 1440 ) (-384 -3936 1216 ) 
3 368 381 (-384 -2272 1216 ) (-384 -2272 1125.333301 ) (-384 -2816 1216 ) 
4 368 379 (-384 -2272 1440 ) (-384 -2272 1216 ) (-384 -3936 1216 ) (-384 -3936 1440 ) 
4 368 371 (672 -2272 768 ) (672 -2696.799890 768 ) (-290 -2312 768 ) (-274.666733 -2272 768 ) 
5 368 370 (672 -2696.799890 768 ) (672 -3936 768 ) (-384 -3936 768 ) (-384 -2464.173860 768 ) (-320 -2300 768 ) 
3 368 369 (-384 -2464.173860 768 ) (-384 -2272 768 ) (-309.084764 -2272 768 ) 
4 369 377 (-384 -2464.173860 736 ) (-384 -2428.500035 736 ) (-331 -2296 736 ) (-320.134948 -2300.346124 736 ) 
3 369 372 (-384 -2428.500035 736 ) (-384 -2272 736 ) (-321.399987 -2272 736 ) 
4 369 370 (-320 -2300 768 ) (-384 -2464.173796 768 ) (-384 -2464.173796 736 ) (-320 -2300 736 ) 
5 370 377 (-384 -2493 736 ) (-384 -2464.173860 736 ) (-320.134948 -2300.346124 736 ) (-301 -2308 736 ) (-375.111144 -2493.277857 736 ) 
4 370 376 (35.085230 -2442.033987 736 ) (208.814067 -2511.525520 736 ) (-256 -2497 736 ) (-254 -2433 736 ) 
4 370 375 (-288 -2496 736 ) (-375.111144 -2493.277857 736 ) (-349.802500 -2430 736 ) (-286 -2432 736 ) 
3 370 374 (-300.862036 -2307.655082 736 ) (35.085230 -2442.033987 736 ) (-349.802500 -2430 736 ) 
5 370 373 (-384 -3936 736 ) (-384 -2493 736 ) (208.814067 -2511.525520 736 ) (672 -2696.799890 736 ) (672 -3936 736 ) 
4 370 371 (672 -2696.799882 736 ) (-290 -2312 736 ) (-290 -2312 768 ) (672 -2696.799882 768 ) 
4 371 376 (672 -2461.937573 736 ) (672 -2526 736 ) (208.814067 -2511.525520 736 ) (35.085230 -2442.033987 736 ) 
5 371 374 (-274.666733 -2272 736 ) (672 -2272 736 ) (672 -2461.937573 736 ) (35.085230 -2442.033987 736 ) (-290 -2312 736 ) 
3 371 373 (672 -2526 736 ) (672 -2696.799890 736 ) (208.814067 -2511.525520 736 ) 
4 372 377 (-331 -2296 736 ) (-384 -2428.500030 736 ) (-384 -2428.500030 704 ) (-331 -2296 704 ) 
4 373 377 (-375.111145 -2493.277859 704 ) (-384 -2493 704 ) (-384 -2493 736 ) (-375.111145 -2493.277859 736 ) 
4 373 376 (672 -2526 736 ) (672 -2526 704 ) (-256 -2497 704 ) (-256 -2497 736 ) 
4 373 375 (-288 -2496 704 ) (-375.111145 -2493.277859 704 ) (-375.111145 -2493.277859 736 ) (-288 -2496 736 ) 
4 374 377 (-349.802502 -2430 736 ) (-301 -2308 736 ) (-301 -2308 704 ) (-349.802502 -2430 704 ) 
4 374 376 (-254 -2433 704 ) (672 -2461.937575 704 ) (672 -2461.937575 736 ) (-254 -2433 736 ) 
4 374 375 (-349.802500 -2430 704 ) (-286 -2432 704 ) (-286 -2432 736 ) (-349.802500 -2430 736 ) 
4 375 377 (-375.111147 -2493.277857 736 ) (-349.802502 -2430 736 ) (-349.802502 -2430 704 ) (-375.111147 -2493.277857 704 ) 
4 378 394 (-512 -3936 1440 ) (-452 -3936 1440 ) (-452 -3936 1472 ) (-512 -3936 1472 ) 
4 378 389 (-452 -3936 1440 ) (-384 -3936 1440 ) (-384 -3936 1472 ) (-452 -3936 1472 ) 
4 378 380 (-452 -3936 1440 ) (-512 -3936 1440 ) (-512 -2272 1440 ) (-452 -2272 1440 ) 
4 379 390 (-452 -3936 1216 ) (-384 -3936 1216 ) (-384 -3936 1440 ) (-452 -3936 1440 ) 
4 379 381 (-384 -2272 1216 ) (-384 -2816 1216 ) (-448 -2816 1216 ) (-448 -2272 1216 ) 
4 379 382 (-448 -3936 1216 ) (-452 -3936 1216 ) (-452 -2272 1216 ) (-448 -2272 1216 ) 
4 380 394 (-512 -3936 1216 ) (-452 -3936 1216 ) (-452 -3936 1440 ) (-512 -3936 1440 ) 
4 380 383 (-452 -3936 1216 ) (-512 -3936 1216 ) (-512 -2272 1216 ) (-452 -2272 1216 ) 
3 381 382 (-448 -2272 1216 ) (-448 -2272 1125.333301 ) (-448 -2816 1216 ) 
4 382 392 (-452 -3936 704 ) (-448 -3936 704 ) (-448 -3936 1216 ) (-452 -3936 1216 ) 
4 383 394 (-512 -3936 704 ) (-452 -3936 704 ) (-452 -3936 1216 ) (-512 -3936 1216 ) 
4 384 389 (-384 -3936 1472 ) (-384 -3936 1440 ) (-384 -4096 1440 ) (-384 -4096 1472 ) 
4 384 386 (-384 -4096 1440 ) (-384 -4053 1440 ) (672 -4053 1440 ) (672 -4096 1440 ) 
4 385 390 (-384 -3936 1440 ) (-384 -3936 1216 ) (-384 -4053 1216 ) (-384 -4053 1440 ) 
4 385 387 (672 -4032 1216 ) (672 -4053 1216 ) (-384 -4053 1216 ) (-384 -4032 1216 ) 
4 386 391 (-384 -4053 1216 ) (-384 -4096 1216 ) (-384 -4096 1440 ) (-384 -4053 1440 ) 
4 386 388 (672 -4053 1216 ) (672 -4096 1216 ) (-384 -4096 1216 ) (-384 -4053 1216 ) 
4 389 394 (-452 -4096 1440 ) (-452 -4096 1472 ) (-452 -3936 1472 ) (-452 -3936 1440 ) 
4 389 391 (-384 -4096 1440 ) (-452 -4096 1440 ) (-452 -4053 1440 ) (-384 -4053 1440 ) 
4 390 392 (-448 -4053 1216 ) (-452 -4053 1216 ) (-452 -3936 1216 ) (-448 -3936 1216 ) 
4 391 394 (-452 -4096 1216 ) (-452 -4096 1440 ) (-452 -4053 1440 ) (-452 -4053 1216 ) 
4 391 393 (-448 -4096 1216 ) (-452 -4096 1216 ) (-452 -4053 1216 ) (-448 -4053 1216 ) 
4 393 394 (-452 -4053 704 ) (-452 -4096 704 ) (-452 -4096 1216 ) (-452 -4053 1216 ) 
